shared-library,"/usr/local/bin/node",0x00400000,0x00ca7000
shared-library,"d9fec47d000-d9fec47e000",0xd9fec47d000,0xd9fec47e000
shared-library,"1e64b172a000-1e64b172b000",0x1e64b172a000,0x1e64b172b000
shared-library,"1ecf81906000-1ecf81907000",0x1ecf81906000,0x1ecf81907000
shared-library,"1f0af14ad000-1f0af14ae000",0x1f0af14ad000,0x1f0af14ae000
shared-library,"27f64335c000-27f64335d000",0x27f64335c000,0x27f64335d000
shared-library,"/lib/x86_64-linux-gnu/libc-2.13.so",0x7fc9f2572000,0x7fc9f26ef000
shared-library,"/lib/x86_64-linux-gnu/libc-2.13.so",0x7fc9f28ef000,0x7fc9f28f3000
shared-library,"/lib/x86_64-linux-gnu/libpthread-2.13.so",0x7fc9f28f9000,0x7fc9f2910000
shared-library,"/lib/x86_64-linux-gnu/libpthread-2.13.so",0x7fc9f2b0f000,0x7fc9f2b10000
shared-library,"/lib/x86_64-linux-gnu/libgcc_s.so.1",0x7fc9f2b15000,0x7fc9f2b2a000
shared-library,"/lib/x86_64-linux-gnu/libm-2.13.so",0x7fc9f2d2b000,0x7fc9f2dac000
shared-library,"/lib/x86_64-linux-gnu/libm-2.13.so",0x7fc9f2fab000,0x7fc9f2fac000
shared-library,"/usr/lib/x86_64-linux-gnu/libstdc++.so.6.0.17",0x7fc9f2fad000,0x7fc9f3095000
shared-library,"/usr/lib/x86_64-linux-gnu/libstdc++.so.6.0.17",0x7fc9f3295000,0x7fc9f329d000
shared-library,"/lib/x86_64-linux-gnu/librt-2.13.so",0x7fc9f32b4000,0x7fc9f32bb000
shared-library,"/lib/x86_64-linux-gnu/librt-2.13.so",0x7fc9f34ba000,0x7fc9f34bb000
shared-library,"/lib/x86_64-linux-gnu/libdl-2.13.so",0x7fc9f34bc000,0x7fc9f34be000
shared-library,"/lib/x86_64-linux-gnu/libdl-2.13.so",0x7fc9f36be000,0x7fc9f36bf000
shared-library,"/lib/x86_64-linux-gnu/ld-2.13.so",0x7fc9f36c0000,0x7fc9f36df000
shared-library,"/lib/x86_64-linux-gnu/ld-2.13.so",0x7fc9f38df000,0x7fc9f38e0000
shared-library,"7fff109ff000-7fff10a00000",0x7fff109ff000,0x7fff10a00000
shared-library,"ffffffffff600000-ffffffffff601000",0xffffffffff600000,0xffffffffff601000
profiler,"begin",1
code-creation,Stub,0x3f1151b06000,204,"CompareICStub"
code-creation,Stub,0x3f1151b060e0,794,"CEntryStub"
code-creation,Stub,0x3f1151b06400,168,"StoreBufferOverflowStub"
code-creation,Stub,0x3f1151b064c0,772,"RecordWriteStub"
code-creation,Stub,0x3f1151b067e0,173,"CompareICStub"
code-creation,Stub,0x3f1151b068a0,232,"FastCloneShallowArrayStub"
code-creation,Stub,0x3f1151b069a0,214,"CompareICStub"
code-creation,Stub,0x3f1151b06a80,1750,"RecordWriteStub"
code-creation,Stub,0x3f1151b07160,138,"ToBooleanStub"
code-creation,Stub,0x3f1151b07200,139,"ToNumberStub"
code-creation,Stub,0x3f1151b072a0,122,"ToBooleanStub"
code-creation,Stub,0x3f1151b07320,1750,"RecordWriteStub"
code-creation,Stub,0x3f1151b07a00,260,"NumberToStringStub"
code-creation,Stub,0x3f1151b07b20,972,"StringDictionaryLookupStub"
code-creation,Stub,0x3f1151b07f00,204,"CompareICStub"
code-creation,Stub,0x3f1151b07fe0,146,"BinaryOpStub"
code-creation,Stub,0x3f1151b08080,1690,"StringAddStub"
code-creation,Stub,0x3f1151b08720,1756,"RecordWriteStub"
code-creation,Stub,0x3f1151b08e00,302,"BinaryOpStub"
code-creation,Stub,0x3f1151b08f40,242,"FastNewContextStub"
code-creation,Stub,0x3f1151b09040,173,"CompareICStub"
code-creation,Stub,0x3f1151b09100,388,"StoreBufferOverflowStub"
code-creation,Stub,0x3f1151b092a0,1786,"RecordWriteStub"
code-creation,Stub,0x3f1151b099a0,1458,"StringAddStub"
code-creation,Stub,0x3f1151b09f60,173,"CompareICStub"
code-creation,Stub,0x3f1151b0a020,1810,"RecordWriteStub"
code-creation,Stub,0x3f1151b0a740,317,"CallFunctionStub"
code-creation,Builtin,0x3f1151b0a880,260,"A builtin from the snapshot"
code-creation,Stub,0x3f1151b0a9a0,228,"FastNewContextStub"
code-creation,Stub,0x3f1151b0aaa0,173,"CompareICStub"
code-creation,Stub,0x3f1151b0ab60,113,"InterruptStub"
code-creation,Stub,0x3f1151b0abe0,511,"ArgumentsAccessStub"
code-creation,Stub,0x3f1151b0ade0,972,"StringDictionaryLookupStub"
code-creation,Stub,0x3f1151b0b1c0,113,"StackCheckStub"
code-creation,Stub,0x3f1151b0b240,268,"FastCloneShallowArrayStub"
code-creation,Stub,0x3f1151b0b360,173,"CompareICStub"
code-creation,Stub,0x3f1151b0b420,317,"CallFunctionStub"
code-creation,Stub,0x3f1151b0b560,258,"FastCloneShallowObjectStub"
code-creation,Stub,0x3f1151b0b680,165,"ToBooleanStub"
code-creation,Stub,0x3f1151b0b740,302,"BinaryOpStub"
code-creation,Stub,0x3f1151b0b880,255,"CallConstructStub"
code-creation,Stub,0x3f1151b0b980,1145,"CEntryStub"
code-creation,Stub,0x3f1151b0be00,1769,"RecordWriteStub"
code-creation,Stub,0x3f1151b0c500,151,"ToBooleanStub"
code-creation,Stub,0x3f1151b0c5a0,187,"CompareICStub"
code-creation,Stub,0x3f1151b0c660,232,"FastCloneShallowArrayStub"
code-creation,Stub,0x3f1151b0c760,565,"CompareStub"
code-creation,Stub,0x3f1151b0c9a0,1756,"RecordWriteStub"
code-creation,Stub,0x3f1151b0d080,1756,"RecordWriteStub"
code-creation,Stub,0x3f1151b0d760,317,"CallFunctionStub"
code-creation,Stub,0x3f1151b0d8a0,778,"RecordWriteStub"
code-creation,Stub,0x3f1151b0dbc0,173,"CompareICStub"
code-creation,Stub,0x3f1151b0dc80,260,"FastCloneShallowArrayStub"
code-creation,Stub,0x3f1151b0dda0,242,"FastCloneShallowObjectStub"
code-creation,Stub,0x3f1151b0dea0,203,"BinaryOpStub"
code-creation,Stub,0x3f1151b0df80,1687,"StringAddStub"
code-creation,Stub,0x3f1151b0e620,1765,"RecordWriteStub"
code-creation,Stub,0x3f1151b0ed20,272,"StringCompareStub"
code-creation,Stub,0x3f1151b0ee40,1768,"RecordWriteStub"
code-creation,Stub,0x3f1151b0f540,1786,"RecordWriteStub"
code-creation,Stub,0x3f1151b0fc40,1497,"StringAddStub"
code-creation,Stub,0x3f1151b10220,146,"BinaryOpStub"
code-creation,Stub,0x3f1151b102c0,146,"BinaryOpStub"
code-creation,Stub,0x3f1151b10360,146,"BinaryOpStub"
code-creation,Stub,0x3f1151b10400,402,"FastNewClosureStub"
code-creation,Stub,0x3f1151b105a0,991,"StringDictionaryLookupStub"
code-creation,Stub,0x3f1151b10980,1753,"RecordWriteStub"
code-creation,Stub,0x3f1151b11060,1807,"RecordWriteStub"
code-creation,Stub,0x3f1151b11780,383,"JSEntryStub"
code-creation,Stub,0x3f1151b11900,383,"JSEntryStub"
code-creation,Stub,0x3f1151b11a80,768,"RecordWriteStub"
code-creation,Stub,0x3f1151b11d80,204,"KeyedLoadElementStub"
code-creation,Builtin,0x3f1151b11e60,120,"A builtin from the snapshot"
code-creation,Stub,0x3f1151b11ee0,302,"BinaryOpStub"
code-creation,Stub,0x3f1151b12020,196,"CallConstructStub"
code-creation,Stub,0x3f1151b12100,217,"ArgumentsAccessStub"
code-creation,Stub,0x3f1151b121e0,204,"BinaryOpStub"
code-creation,CallIC,0x3f1151b122c0,246,"A call IC from the snapshot"
code-creation,CallIC,0x3f1151b123c0,246,"A call IC from the snapshot"
code-creation,CallIC,0x3f1151b124c0,255,"A call IC from the snapshot"
code-creation,CallIC,0x3f1151b125c0,255,"A call IC from the snapshot"
code-creation,CallIC,0x3f1151b126c0,255,"A call IC from the snapshot"
code-creation,CallIC,0x3f1151b127c0,246,"A call IC from the snapshot"
code-creation,CallIC,0x3f1151b128c0,246,"A call IC from the snapshot"
code-creation,CallIC,0x3f1151b129c0,246,"A call IC from the snapshot"
code-creation,CallIC,0x3f1151b12ac0,246,"A call IC from the snapshot"
code-creation,CallIC,0x3f1151b12bc0,246,"A call IC from the snapshot"
code-creation,CallIC,0x3f1151b12cc0,246,"A call IC from the snapshot"
code-creation,CallIC,0x3f1151b12dc0,246,"A call IC from the snapshot"
code-creation,CallIC,0x3f1151b12ec0,255,"A call IC from the snapshot"
code-creation,CallIC,0x3f1151b12fc0,244,"A call IC from the snapshot"
code-creation,CallIC,0x3f1151b130c0,246,"A call IC from the snapshot"
code-creation,CallIC,0x3f1151b131c0,243,"A call IC from the snapshot"
code-creation,CallIC,0x3f1151b132c0,255,"A call IC from the snapshot"
code-creation,CallIC,0x3f1151b133c0,246,"A call IC from the snapshot"
code-creation,CallIC,0x3f1151b134c0,246,"A call IC from the snapshot"
code-creation,CallIC,0x3f1151b135c0,255,"A call IC from the snapshot"
code-creation,CallIC,0x3f1151b136c0,246,"A call IC from the snapshot"
code-creation,CallIC,0x3f1151b137c0,246,"A call IC from the snapshot"
code-creation,CallIC,0x3f1151b138c0,246,"A call IC from the snapshot"
code-creation,CallIC,0x3f1151b139c0,246,"A call IC from the snapshot"
code-creation,CallIC,0x3f1151b13ac0,246,"A call IC from the snapshot"
code-creation,CallIC,0x3f1151b13bc0,255,"A call IC from the snapshot"
code-creation,CallIC,0x3f1151b13cc0,246,"A call IC from the snapshot"
code-creation,CallIC,0x3f1151b13dc0,255,"A call IC from the snapshot"
code-creation,CallIC,0x3f1151b13ec0,255,"A call IC from the snapshot"
code-creation,CallIC,0x3f1151b13fc0,246,"A call IC from the snapshot"
code-creation,CallIC,0x3f1151b140c0,255,"A call IC from the snapshot"
code-creation,CallIC,0x3f1151b141c0,255,"A call IC from the snapshot"
code-creation,CallIC,0x3f1151b142c0,255,"A call IC from the snapshot"
code-creation,CallIC,0x3f1151b143c0,241,"A call IC from the snapshot"
code-creation,CallIC,0x3f1151b144c0,246,"A call IC from the snapshot"
code-creation,CallIC,0x3f1151b145c0,255,"A call IC from the snapshot"
code-creation,CallIC,0x3f1151b146c0,246,"A call IC from the snapshot"
code-creation,CallIC,0x3f1151b147c0,255,"A call IC from the snapshot"
code-creation,CallIC,0x3f1151b148c0,244,"A call IC from the snapshot"
code-creation,CallIC,0x3f1151b149c0,244,"A call IC from the snapshot"
code-creation,CallIC,0x3f1151b14ac0,246,"A call IC from the snapshot"
code-creation,CallIC,0x3f1151b14bc0,244,"A call IC from the snapshot"
code-creation,CallIC,0x3f1151b14cc0,255,"A call IC from the snapshot"
code-creation,CallIC,0x3f1151b14dc0,255,"A call IC from the snapshot"
code-creation,CallIC,0x3f1151b14ec0,244,"A call IC from the snapshot"
code-creation,CallIC,0x3f1151b14fc0,246,"A call IC from the snapshot"
code-creation,CallIC,0x3f1151b150c0,243,"A call IC from the snapshot"
code-creation,CallIC,0x3f1151b151c0,246,"A call IC from the snapshot"
code-creation,Builtin,0x3f1151b152c0,183,"A builtin from the snapshot"
code-creation,Builtin,0x3f1151b15380,181,"A builtin from the snapshot"
code-creation,Builtin,0x3f1151b15440,115,"A builtin from the snapshot"
code-creation,Builtin,0x3f1151b154c0,577,"A builtin from the snapshot"
code-creation,Builtin,0x3f1151b15aa0,160,"A builtin from the snapshot"
code-creation,LoadIC,0x3f1151b16160,120,"A load IC from the snapshot"
code-creation,StoreIC,0x3f1151b161e0,121,"A store IC from the snapshot"
code-creation,KeyedLoadIC,0x3f1151b18220,120,"A keyed load IC from the snapshot"
code-creation,KeyedStoreIC,0x3f1151b19ae0,121,"A keyed store IC from the snapshot"
code-creation,Builtin,0x3f1151b23840,115,"A builtin from the snapshot"
code-creation,Builtin,0x3f1151b238c0,115,"A builtin from the snapshot"
code-creation,Builtin,0x3f1151b23940,115,"A builtin from the snapshot"
code-creation,Builtin,0x3f1151b239c0,115,"A builtin from the snapshot"
code-creation,Builtin,0x3f1151b23a40,115,"A builtin from the snapshot"
code-creation,Builtin,0x3f1151b23ac0,115,"A builtin from the snapshot"
code-creation,Builtin,0x3f1151b23b40,115,"A builtin from the snapshot"
code-creation,Builtin,0x3f1151b23bc0,115,"A builtin from the snapshot"
code-creation,Builtin,0x3f1151b23c40,115,"A builtin from the snapshot"
code-creation,Builtin,0x3f1151b23cc0,115,"A builtin from the snapshot"
code-creation,Builtin,0x3f1151b23d40,120,"A builtin from the snapshot"
code-creation,Builtin,0x3f1151b23dc0,120,"A builtin from the snapshot"
code-creation,Builtin,0x3f1151b23e40,115,"A builtin from the snapshot"
code-creation,Builtin,0x3f1151b23ec0,115,"A builtin from the snapshot"
code-creation,Builtin,0x3f1151b23f40,115,"A builtin from the snapshot"
code-creation,Builtin,0x3f1151b23fc0,111,"A builtin from the snapshot"
code-creation,Builtin,0x3f1151b24040,648,"A builtin from the snapshot"
code-creation,Builtin,0x3f1151b242e0,554,"A builtin from the snapshot"
code-creation,Builtin,0x3f1151b24520,206,"A builtin from the snapshot"
code-creation,Builtin,0x3f1151b24600,177,"A builtin from the snapshot"
code-creation,Builtin,0x3f1151b246c0,160,"A builtin from the snapshot"
code-creation,Builtin,0x3f1151b24760,169,"A builtin from the snapshot"
code-creation,Builtin,0x3f1151b24820,218,"A builtin from the snapshot"
code-creation,Builtin,0x3f1151b24900,218,"A builtin from the snapshot"
code-creation,Builtin,0x3f1151b249e0,189,"A builtin from the snapshot"
code-creation,Builtin,0x3f1151b24aa0,120,"A builtin from the snapshot"
code-creation,Builtin,0x3f1151b24b20,120,"A builtin from the snapshot"
code-creation,Builtin,0x3f1151b24ba0,120,"A builtin from the snapshot"
code-creation,Builtin,0x3f1151b24c20,121,"A builtin from the snapshot"
code-creation,Builtin,0x3f1151b24ca0,121,"A builtin from the snapshot"
code-creation,Builtin,0x3f1151b24d20,121,"A builtin from the snapshot"
code-creation,Builtin,0x3f1151b24da0,121,"A builtin from the snapshot"
code-creation,LoadIC,0x3f1151b24e20,120,"A load IC from the snapshot"
code-creation,LoadIC,0x3f1151b24ea0,353,"A load IC from the snapshot"
code-creation,LoadIC,0x3f1151b25020,128,"A load IC from the snapshot"
code-creation,LoadIC,0x3f1151b250a0,131,"A load IC from the snapshot"
code-creation,LoadIC,0x3f1151b25140,178,"A load IC from the snapshot"
code-creation,LoadIC,0x3f1151b25200,168,"A load IC from the snapshot"
code-creation,LoadIC,0x3f1151b252c0,324,"A load IC from the snapshot"
code-creation,LoadIC,0x3f1151b25420,134,"A load IC from the snapshot"
code-creation,KeyedLoadIC,0x3f1151b254c0,120,"A keyed load IC from the snapshot"
code-creation,KeyedLoadIC,0x3f1151b25540,1018,"A keyed load IC from the snapshot"
code-creation,KeyedLoadIC,0x3f1151b25940,721,"A keyed load IC from the snapshot"
code-creation,KeyedLoadIC,0x3f1151b25c20,188,"A keyed load IC from the snapshot"
code-creation,KeyedLoadIC,0x3f1151b25ce0,307,"A keyed load IC from the snapshot"
code-creation,StoreIC,0x3f1151b25e20,212,"A store IC from the snapshot"
code-creation,StoreIC,0x3f1151b25f00,424,"A store IC from the snapshot"
code-creation,StoreIC,0x3f1151b260c0,345,"A store IC from the snapshot"
code-creation,StoreIC,0x3f1151b26220,125,"A store IC from the snapshot"
code-creation,StoreIC,0x3f1151b262a0,121,"A store IC from the snapshot"
code-creation,StoreIC,0x3f1151b26320,212,"A store IC from the snapshot"
code-creation,StoreIC,0x3f1151b26400,424,"A store IC from the snapshot"
code-creation,StoreIC,0x3f1151b265c0,345,"A store IC from the snapshot"
code-creation,StoreIC,0x3f1151b26720,125,"A store IC from the snapshot"
code-creation,StoreIC,0x3f1151b267a0,136,"A store IC from the snapshot"
code-creation,KeyedStoreIC,0x3f1151b26840,2425,"A keyed store IC from the snapshot"
code-creation,KeyedStoreIC,0x3f1151b271c0,121,"A keyed store IC from the snapshot"
code-creation,KeyedStoreIC,0x3f1151b27240,2425,"A keyed store IC from the snapshot"
code-creation,KeyedStoreIC,0x3f1151b27bc0,401,"A keyed store IC from the snapshot"
code-creation,Builtin,0x3f1151b27d60,476,"A builtin from the snapshot"
code-creation,Builtin,0x3f1151b27f40,483,"A builtin from the snapshot"
code-creation,Builtin,0x3f1151b28140,483,"A builtin from the snapshot"
code-creation,Builtin,0x3f1151b28340,492,"A builtin from the snapshot"
code-creation,Builtin,0x3f1151b28540,831,"A builtin from the snapshot"
code-creation,Builtin,0x3f1151b28880,831,"A builtin from the snapshot"
code-creation,Builtin,0x3f1151b28bc0,816,"A builtin from the snapshot"
code-creation,Builtin,0x3f1151b28f00,501,"A builtin from the snapshot"
code-creation,Builtin,0x3f1151b29100,930,"A builtin from the snapshot"
code-creation,Builtin,0x3f1151b294c0,179,"A builtin from the snapshot"
code-creation,Builtin,0x3f1151b29580,181,"A builtin from the snapshot"
code-creation,Builtin,0x3f1151b29640,215,"A builtin from the snapshot"
code-creation,Builtin,0x3f1151b29720,217,"A builtin from the snapshot"
code-creation,LoadIC,0x3f1151b29800,181,"A load IC from the snapshot"
code-creation,KeyedLoadIC,0x3f1151b298c0,181,"A keyed load IC from the snapshot"
code-creation,StoreIC,0x3f1151b29980,183,"A store IC from the snapshot"
code-creation,KeyedStoreIC,0x3f1151b29a40,183,"A keyed store IC from the snapshot"
code-creation,Builtin,0x3f1151b29b00,97,"A builtin from the snapshot"
code-creation,Builtin,0x3f1151b29b80,137,"A builtin from the snapshot"
code-creation,LazyCompile,0x3f1151b15440,115,"Empty",0x3acf96f0f490,
code-creation,Script,0x3f1151b15720,660,"native math.js",0x3acf96f0f5a8,
code-creation,LazyCompile,0x3f1151b159c0,196,"MathConstructor native math.js:37",0x3acf96f0f808,
code-creation,LazyCompile,0x3f1151b15b40,1556,"SetUpMath native math.js:223",0x3acf96f10dd0,
code-creation,Script,0x3f1151b16260,1052,"native date.js",0x3acf96f10f28,
code-creation,LazyCompile,0x3f1151b16680,2032,"SetUpDate native date.js:768",0x3acf96f158a8,
code-creation,LazyCompile,0x3f1151b16e80,1720," native date.js:145",0x3acf96f159c8,
code-creation,Script,0x3f1151b17540,2592,"native v8natives.js",0x3acf96f15d90,
code-creation,LazyCompile,0x3f1151b17f60,676,"InstallFunctions native v8natives.js:48",0x3acf96f16340,
code-creation,LazyCompile,0x3f1151b182a0,988,"SetUpLockedPrototype native v8natives.js:67",0x3acf96f19950,
code-creation,LazyCompile,0x3f1151b18680,672,"SetUpGlobal native v8natives.js:177",0x3acf96f19da0,
code-creation,LazyCompile,0x3f1151b18920,552,"hasOwnProperty native v8natives.js:249",0x3acf96f1a070,
code-creation,LazyCompile,0x3f1151b18b60,1140,"SetUpObject native v8natives.js:1286",0x3acf96f1bc50,
code-creation,LazyCompile,0x3f1151b18fe0,364,"SetUpBoolean native v8natives.js:1351",0x3acf96f1be80,
code-creation,LazyCompile,0x3f1151b19160,1256,"SetUpNumber native v8natives.js:1489",0x3acf96f1c470,
code-creation,LazyCompile,0x3f1151b19660,1148,"NewFunction native v8natives.js:1640",0x3acf96f1c740,
code-creation,LazyCompile,0x3f1151b19b60,364,"SetUpFunction native v8natives.js:1668",0x3acf96f1c8b0,
code-creation,LazyCompile,0x3f1151b19ce0,380," native v8natives.js:205",0x3acf96f1c9a0,
code-creation,LazyCompile,0x3f1151b19e60,440," native v8natives.js:1271",0x3acf96f1d8c0,
code-creation,LazyCompile,0x3f1151b1a020,424," native v8natives.js:1366",0x3acf96f1d9b8,
code-creation,Script,0x3f1151b1a1e0,352,"native array.js",0x3acf96f1db20,
code-creation,LazyCompile,0x3f1151b1a340,2784,"SetUpArray native array.js:1494",0x3acf96f224d0,
code-creation,LazyCompile,0x3f1151b1ae20,344,"SetUpArray.b native array.js:1507",0x3acf96f22720,
code-creation,Script,0x3f1151b1af80,564,"native regexp.js",0x3acf96f228e0,
code-creation,LazyCompile,0x3f1151b1b1c0,404,"RegExpConstructor native regexp.js:86",0x3acf96f23b78,
code-creation,LazyCompile,0x3f1151b1b360,280,"RegExpMakeCaptureGetter native regexp.js:360",0x3acf96f24418,
code-creation,LazyCompile,0x3f1151b1b480,2308,"SetUpRegExp native regexp.js:400",0x3acf96f245c0,
code-creation,Script,0x3f1151b1bda0,844,"native runtime.js",0x3acf96f24b40,
code-creation,LazyCompile,0x3f1151b1c100,1884,"EQUALS native runtime.js:54",0x3acf96f24f80,
code-creation,LazyCompile,0x3f1151b1c860,432,"STRICT_EQUALS native runtime.js:100",0x3acf96f265e8,
code-creation,LazyCompile,0x3f1151b1ca20,1044,"COMPARE native runtime.js:120",0x3acf96f266e0,
code-creation,LazyCompile,0x3f1151b1ce40,696,"ADD native runtime.js:163",0x3acf96f26800,
code-creation,LazyCompile,0x3f1151b1d100,708,"STRING_ADD_LEFT native runtime.js:183",0x3acf96f26908,
code-creation,LazyCompile,0x3f1151b1d3e0,720,"STRING_ADD_RIGHT native runtime.js:198",0x3acf96f26a00,
code-creation,LazyCompile,0x3f1151b1d6c0,360,"SUB native runtime.js:214",0x3acf96f26b00,
code-creation,LazyCompile,0x3f1151b1d840,360,"MUL native runtime.js:222",0x3acf96f26c00,
code-creation,LazyCompile,0x3f1151b1d9c0,360,"DIV native runtime.js:230",0x3acf96f26d00,
code-creation,LazyCompile,0x3f1151b1db40,360,"MOD native runtime.js:238",0x3acf96f26e00,
code-creation,LazyCompile,0x3f1151b1dcc0,360,"BIT_OR native runtime.js:252",0x3acf96f26f00,
code-creation,LazyCompile,0x3f1151b1de40,468,"BIT_AND native runtime.js:260",0x3acf96f27000,
code-creation,LazyCompile,0x3f1151b1e020,360,"BIT_XOR native runtime.js:282",0x3acf96f27100,
code-creation,LazyCompile,0x3f1151b1e1a0,296,"UNARY_MINUS native runtime.js:290",0x3acf96f27200,
code-creation,LazyCompile,0x3f1151b1e2e0,296,"BIT_NOT native runtime.js:297",0x3acf96f272f8,
code-creation,LazyCompile,0x3f1151b1e420,360,"SHL native runtime.js:304",0x3acf96f273f0,
code-creation,LazyCompile,0x3f1151b1e5a0,468,"SAR native runtime.js:312",0x3acf96f274f0,
code-creation,LazyCompile,0x3f1151b1e780,360,"SHR native runtime.js:334",0x3acf96f275f0,
code-creation,LazyCompile,0x3f1151b1e900,284,"DELETE native runtime.js:348",0x3acf96f276f0,
code-creation,LazyCompile,0x3f1151b1ea20,540,"IN native runtime.js:354",0x3acf96f277f0,
code-creation,LazyCompile,0x3f1151b1ec40,844,"INSTANCE_OF native runtime.js:367",0x3acf96f27928,
code-creation,LazyCompile,0x3f1151b1efa0,292,"FILTER_KEY native runtime.js:398",0x3acf96f27aa8,
code-creation,LazyCompile,0x3f1151b1f0e0,500,"CALL_NON_FUNCTION native runtime.js:405",0x3acf96f27ba8,
code-creation,LazyCompile,0x3f1151b1f2e0,500,"CALL_NON_FUNCTION_AS_CONSTRUCTOR native runtime.js:414",0x3acf96f27ce0,
code-creation,LazyCompile,0x3f1151b1f4e0,344,"CALL_FUNCTION_PROXY native runtime.js:423",0x3acf96f27e18,
code-creation,LazyCompile,0x3f1151b1f640,316,"CALL_FUNCTION_PROXY_AS_CONSTRUCTOR native runtime.js:431",0x3acf96f27f28,
code-creation,LazyCompile,0x3f1151b1f780,1264,"APPLY_PREPARE native runtime.js:438",0x3acf96f28030,
code-creation,LazyCompile,0x3f1151b1fc80,284,"APPLY_OVERFLOW native runtime.js:476",0x3acf96f281b0,
code-creation,LazyCompile,0x3f1151b1fda0,232,"TO_OBJECT native runtime.js:482",0x3acf96f282c8,
code-creation,LazyCompile,0x3f1151b1fea0,232,"TO_NUMBER native runtime.js:488",0x3acf96f283b8,
code-creation,LazyCompile,0x3f1151b1ffa0,232,"TO_STRING native runtime.js:494",0x3acf96f284a8,
code-creation,LazyCompile,0x3f1151b200a0,536,"ToPrimitive native runtime.js:506",0x3acf96f28598,
code-creation,LazyCompile,0x3f1151b202c0,496,"ToBoolean native runtime.js:517",0x3acf96f28698,
code-creation,LazyCompile,0x3f1151b204c0,540,"ToNumber native runtime.js:527",0x3acf96f28790,
code-creation,LazyCompile,0x3f1151b206e0,496,"ToString native runtime.js:550",0x3acf96f28928,
code-creation,Script,0x3f1151b208e0,368,"native apinatives.js",0x3acf96f29028,
code-creation,Script,0x3f1151b20a60,348,"native uri.js",0x3acf96f294d8,
code-creation,LazyCompile,0x3f1151b20bc0,476,"SetUpUri native uri.js:410",0x3acf96f2b008,
code-creation,Script,0x3f1151b20da0,2656,"native messages.js",0x3acf96f2b160,
code-creation,LazyCompile,0x3f1151b21800,372,"MakeGenericError native messages.js:114",0x3acf96f2e0f0,
code-creation,LazyCompile,0x3f1151b21980,248,"MakeRangeError native messages.js:318",0x3acf96f2e4c0,
code-creation,LazyCompile,0x3f1151b21a80,408,"DefineOneShotAccessor native messages.js:767",0x3acf96f2f228,
code-creation,LazyCompile,0x3f1151b21c20,556,"captureStackTrace native messages.js:1113",0x3acf96f30278,
code-creation,LazyCompile,0x3f1151b21e60,612,"SetUpError native messages.js:1128",0x3acf96f30430,
code-creation,LazyCompile,0x3f1151b220e0,936,"SetUpError.a native messages.js:1131",0x3acf96f30570,
code-creation,LazyCompile,0x3f1151b224a0,196,"d native messages.js:1147",0x3acf96f30660,
code-creation,LazyCompile,0x3f1151b22580,652," native messages.js:1157",0x3acf96f30750,
code-creation,LazyCompile,0x3f1151b22580,652,"Error",0x3acf96f30960,
code-creation,LazyCompile,0x3f1151b22580,652,"TypeError",0x3acf96f30a00,
code-creation,LazyCompile,0x3f1151b22580,652,"RangeError",0x3acf96f30aa0,
code-creation,LazyCompile,0x3f1151b22580,652,"SyntaxError",0x3acf96f30b40,
code-creation,LazyCompile,0x3f1151b22580,652,"ReferenceError",0x3acf96f30be0,
code-creation,LazyCompile,0x3f1151b22580,652,"EvalError",0x3acf96f30c80,
code-creation,LazyCompile,0x3f1151b22580,652,"URIError",0x3acf96f30d20,
code-creation,LazyCompile,0x3f1151b22820,276," native messages.js:131",0x3acf96f30fd8,
code-creation,Script,0x3f1151b22940,344,"native json.js",0x3acf96f311b8,
code-creation,LazyCompile,0x3f1151b22aa0,348,"SetUpJSON native json.js:341",0x3acf96f32450,
code-creation,Script,0x3f1151b22c00,1012,"native string.js",0x3acf96f325a8,
code-creation,LazyCompile,0x3f1151b23000,1616,"SetUpString native string.js:940",0x3acf96f364c8,
code-creation,LazyCompile,0x3f1151b23660,476," native string.js:36",0x3acf96f365b8,
code-creation,LazyCompile,0x3f1151b23840,115,"",0x3acf96f381a0,
code-creation,LazyCompile,0x3f1151b23840,115,"",0x3acf96f38240,
code-creation,LazyCompile,0x3f1151b28880,831,"Array",0x3acf96f382e0,
code-creation,LazyCompile,0x3f1151b23a40,115,"pop",0x3acf96f38380,
code-creation,LazyCompile,0x3f1151b239c0,115,"push",0x3acf96f38420,
code-creation,LazyCompile,0x3f1151b23cc0,115,"concat",0x3acf96f384c0,
code-creation,LazyCompile,0x3f1151b23ac0,115,"shift",0x3acf96f38560,
code-creation,LazyCompile,0x3f1151b23b40,115,"unshift",0x3acf96f38600,
code-creation,LazyCompile,0x3f1151b23bc0,115,"slice",0x3acf96f386a0,
code-creation,LazyCompile,0x3f1151b23c40,115,"splice",0x3acf96f38740,
code-creation,LazyCompile,0x3f1151b28540,831,"InternalArray",0x3acf96f387e0,
code-creation,LazyCompile,0x3f1151b23660,476,"String",0x3acf96f38880,
code-creation,LazyCompile,0x3f1151b23840,115,"JSON",0x3acf96f38948,
code-creation,LazyCompile,0x3f1151b1b1c0,404,"RegExp",0x3acf96f389e8,
code-creation,LazyCompile,0x3f1151b23840,115,"OpaqueReference",0x3acf96f38a88,
code-creation,LazyCompile,0x3f1151b19ce0,380,"Boolean",0x3acf96f38b28,
code-creation,LazyCompile,0x3f1151b16e80,1720,"Date",0x3acf96f38bc8,
code-creation,LazyCompile,0x3f1151b22820,276,"Script",0x3acf96f38c68,
code-creation,LazyCompile,0x3f1151b19660,1148,"Function",0x3acf96f38d08,
code-creation,LazyCompile,0x3f1151b1a020,424,"Number",0x3acf96f38da8,
code-creation,LazyCompile,0x3f1151b23840,115,"",0x3acf96f38e48,
code-creation,LazyCompile,0x3f1151b23840,115,"",0x3acf96f38ee8,
code-creation,LazyCompile,0x3f1151b19e60,440,"Object",0x3acf96f38f88,
code-creation,LazyCompile,0x3f1151b28140,483,"call",0x3acf96f39028,
code-creation,LazyCompile,0x3f1151b28340,492,"apply",0x3acf96f390c8,
code-creation,LazyCompile,0x3f1151b23840,115,"Arguments",0x3acf96f39168,
code-creation,LazyCompile,0x3f1151b23f40,115,"ThrowTypeError",0x3acf96f39208,
code-creation,LazyCompile,0x3f1151b23e40,115,"",0x3acf96f392a8,
code-creation,LazyCompile,0x3f1151b23ec0,115,"",0x3acf96f39348,
code-creation,LazyCompile,0x3f1151b23840,115,"",0x3acf96f393e8,
tick,0x7fc9f263e99d,0x7fff109efa60,0,0x0,5
tick,0x82381a,0x7fff109f18a0,0,0x7fff109f18e0,2
code-creation,LazyCompile,0x3f1151b29c20,680,"Instantiate native apinatives.js:44",0x3acf96f29290,~
code-creation,Stub,0x3f1151b29ee0,184,"CompareICStub"
code-creation,Stub,0x3f1151b29fa0,143,"BinaryOpStub_BIT_AND_Alloc_Uninitialized"
code-creation,LazyCompile,0x3f1151b2a040,1232,"InstantiateFunction native apinatives.js:65",0x3acf96f29330,
code-creation,Stub,0x3f1151b2a520,446,"KeyedStoreElementStub"
code-creation,KeyedStoreIC,0x3f1151b2a6e0,130,""
code-creation,KeyedStoreIC,0x3f1151b2a6e0,130,"args_count: 0"
code-creation,Stub,0x3f1151b2a780,257,"KeyedStoreElementStub"
code-creation,KeyedStoreIC,0x3f1151b2a8a0,130,""
code-creation,KeyedStoreIC,0x3f1151b2a8a0,130,"args_count: 0"
code-creation,Stub,0x3f1151b2a940,276,"BinaryOpStub_BIT_AND_Alloc_SMI"
code-creation,Stub,0x3f1151b2aa60,138,"ToBooleanStub_Smi"
code-creation,LazyCompile,0x3f1151b2ab00,916,"ConfigureTemplateInstance native apinatives.js:105",0x3acf96f293d0,
code-creation,Stub,0x3f1151b2aea0,204,"KeyedLoadElementStub"
code-creation,KeyedLoadIC,0x3f1151b2af80,130,""
code-creation,KeyedLoadIC,0x3f1151b2af80,130,"args_count: 0"
code-creation,CallIC,0x3f1151b2b020,190,"InstantiateFunction"
tick,0x7fc9f259716b,0x7fff109f1140,0,0x7fff109f1c50,0,0x3f1151b29d8a
tick,0x7fc9f2680d2f,0x7fff109f1228,0,0x7fc9f26022f8,0,0x3f1151b29d8a
code-creation,LoadIC,0x3f1151b2b0e0,147,"kApiFunctionCache"
code-creation,LoadIC,0x3f1151b2b0e0,147,"kApiFunctionCache"
code-creation,CallIC,0x3f1151b2b180,190,"ConfigureTemplateInstance"
code-creation,Stub,0x3f1151b2b240,173,"ToBooleanStub_UndefinedSpecObject"
code-creation,KeyedLoadIC,0x3f1151b2b300,130,""
code-creation,KeyedLoadIC,0x3f1151b2b300,130,"args_count: 0"
code-creation,CallIC,0x3f1151b2b3a0,190,"Instantiate"
tick,0x70fd2b,0x7fff109ef710,0,0x0,2
tick,0x7fc9f264381a,0x7fff109efbd8,0,0x0,2
tick,0x74ee6c,0x7fff109ef9e0,0,0x0,2
tick,0x7fc9f264731a,0x7fff109ef418,0,0x0,2
tick,0x73ace0,0x7fff109eeca0,0,0x0,2
code-creation,Stub,0x3f1151b2b460,250,"FastNewContextStub"
code-creation,Stub,0x3f1151b2b560,1757,"RecordWriteStub"
code-creation,Stub,0x3f1151b2bc40,311,"CallFunctionStub_Args0_Recording"
code-creation,Function,0x3f1151b2bd80,2388," node.js:27",0x3acf96f5e560,~
code-creation,Script,0x3f1151b2c6e0,244,"node.js",0x3acf96f5e658,~
tick,0x7fc9f2647347,0x7fff109f2068,0,0x0,2
code-creation,Stub,0x3f1151b2c7e0,177,"ToBooleanStub_UndefinedString"
code-creation,Stub,0x3f1151b2c8a0,238,"FastCloneShallowObjectStub"
code-creation,LazyCompile,0x3f1151b2c9a0,2760,"startup node.js:30",0x3acf96f5d4c0,~
code-creation,LazyCompile,0x3f1151b2d480,628,"NativeModule.require node.js:843",0x3acf96f5e000,~
code-creation,LazyCompile,0x3f1151b2d700,220,"NativeModule.getCached node.js:867",0x3acf96f5e0a0,~
code-creation,LazyCompile,0x3f1151b2d7e0,232,"NativeModule.exists node.js:871",0x3acf96f5e140,~
code-creation,LazyCompile,0x3f1151b2d8e0,320,"NativeModule node.js:833",0x3acf96f5d740,~
code-creation,CallPreMonomorphic,0x3f1151b2da20,238,"args_count: 0"
code-creation,LazyCompile,0x3f1151b2db20,236,"NativeModule.cache node.js:898",0x3acf96f5e3c0,~
tick,0x63d014,0x7fff109f1c50,0,0x169c5a0,2,0x3f1151b2d6b2,0x3f1151b2ca49,0x3f1151b2c685
code-creation,Stub,0x3f1151b2dc20,317,"CallFunctionStub_Args4_Recording"
code-creation,LazyCompile,0x3f1151b2dd60,484,"NativeModule.compile node.js:888",0x3acf96f5e320,~
code-creation,LazyCompile,0x3f1151b2df60,220,"NativeModule.getSource node.js:875",0x3acf96f5e1e0,~
code-creation,LazyCompile,0x3f1151b2e040,272,"NativeModule.wrap node.js:879",0x3acf96f5e280,~
code-creation,KeyedLoadIC,0x3f1151b2e160,130,""
code-creation,KeyedLoadIC,0x3f1151b2e160,130,"args_count: 0"
code-creation,Stub,0x3f1151b2e200,201,"BinaryOpStub_ADD_OverwriteLeft_BothStrings"
code-creation,Stub,0x3f1151b2e2e0,231,"FastNewContextStub"
code-creation,Function,0x3f1151b2e3e0,1176," events.js:1",0x3acf96f60bc0,~
code-creation,Script,0x3f1151b2e880,244,"events.js",0x3acf96f60cb8,~
code-creation,StoreIC,0x3f1151b2e980,185,"loaded"
code-creation,StoreIC,0x3f1151b2e980,185,"loaded"
tick,0x7ce5d0,0x7fff109f1ea8,0,0x6acb7a,0,0x3f1151b2defd,0x3f1151b2d6c8,0x3f1151b2ca49,0x3f1151b2c685
code-creation,StoreIC,0x3f1151b2ea40,185,"value"
code-creation,StoreIC,0x3f1151b2ea40,185,"value"
code-creation,StoreIC,0x3f1151b2eb00,185,"constructor"
code-creation,StoreIC,0x3f1151b2eb00,185,"constructor"
code-creation,LazyCompile,0x3f1151b2ebc0,576,"create native v8natives.js:1038",0x3acf96f1b4d0,~
code-creation,LazyCompile,0x3f1151b2ee00,948,"defineProperties native v8natives.js:1102",0x3acf96f1b6b0,~
code-creation,LazyCompile,0x3f1151b2f1c0,692,"ToObject native runtime.js:567",0x3acf96f28ac0,~
code-creation,LazyCompile,0x3f1151b2f480,824,"GetOwnEnumerablePropertyNames native v8natives.js:1090",0x3acf96f1b610,~
code-creation,LazyCompile,0x3f1151b2f7c0,1956,"ToPropertyDescriptor native v8natives.js:420",0x3acf96f1a990,~
code-creation,LazyCompile,0x3f1151b2ff80,528,"PropertyDescriptor native v8natives.js:482",0x3acf96f1aad0,~
code-creation,CallIC,0x3f1151b301a0,189,"ToString"
code-creation,LazyCompile,0x3f1151b30260,248,"$Array.enumerable_ native v8natives.js:516",0x3acf96f1cb60,~
code-creation,StoreIC,0x3f1151b30360,185,"value_"
code-creation,StoreIC,0x3f1151b30360,185,"value_"
code-creation,StoreIC,0x3f1151b30420,185,"hasValue_"
code-creation,StoreIC,0x3f1151b30420,185,"hasValue_"
code-creation,LazyCompile,0x3f1151b304e0,276,"IsInconsistentDescriptor native v8natives.js:367",0x3acf96f1a7b0,~
code-creation,LazyCompile,0x3f1151b30600,340,"IsAccessorDescriptor native v8natives.js:347",0x3acf96f1a5d0,~
code-creation,LazyCompile,0x3f1151b30760,220,"$Array.set_ native v8natives.js:563",0x3acf96f1d600,~
code-creation,LazyCompile,0x3f1151b30840,220," native v8natives.js:573",0x3acf96f1d820,~
code-creation,LazyCompile,0x3f1151b30920,436,"DefineOwnProperty native v8natives.js:924",0x3acf96f1b1b0,~
tick,0x64b08f,0x7fff109effe0,0,0x1690e50,2,0x3f1151b30abe,0x3f1151b2f0a9,0x3f1151b2edad,0x3f1151b2cb29,0x3f1151b2c685
code-creation,Stub,0x3f1151b30ae0,143,"BinaryOpStub_BIT_OR_Alloc_Uninitialized"
code-creation,LazyCompile,0x3f1151b30b80,5024,"DefineObjectProperty native v8natives.js:695",0x3acf96f1b070,~
code-creation,LazyCompile,0x3f1151b31f20,648,"ConvertDescriptorArrayToDescriptor native v8natives.js:581",0x3acf96f1ab70,~
code-creation,LazyCompile,0x3f1151b321c0,220,"$Array.writable_ native v8natives.js:533",0x3acf96f1cf50,~
code-creation,Stub,0x3f1151b322a0,284,"BinaryOpStub_BIT_OR_Alloc_SMI"
code-creation,LazyCompile,0x3f1151b323c0,220,"$Array.get_ native v8natives.js:550",0x3acf96f1d340,~
code-creation,LazyCompile,0x3f1151b324a0,340,"IsDataDescriptor native v8natives.js:354",0x3acf96f1a670,~
code-creation,LazyCompile,0x3f1151b32600,220,"$Array.enumerable_ native v8natives.js:523",0x3acf96f1cd08,~
code-creation,LazyCompile,0x3f1151b326e0,220,"$Array.configurable_ native v8natives.js:543",0x3acf96f1d1c0,~
code-creation,LoadIC,0x3f1151b327c0,134,"hasValue_"
code-creation,LoadIC,0x3f1151b327c0,134,"hasValue_"
code-creation,LazyCompile,0x3f1151b32860,220,"$Array.enumerable_ native v8natives.js:520",0x3acf96f1cc68,~
code-creation,Stub,0x3f1151b32940,364,"InstanceofStub"
code-creation,LazyCompile,0x3f1151b32ac0,688,"EventEmitter events.js:26",0x3acf96f60560,~
code-creation,StoreIC,0x3f1151b32d80,189,"_events"
code-creation,StoreIC,0x3f1151b32d80,189,"_events"
code-creation,LazyCompile,0x3f1151b32e40,248,"startup.processFatal node.js:219",0x3acf96f5da60,~
code-creation,LazyCompile,0x3f1151b32f40,636,"startup.globalVariables node.js:160",0x3acf96f5d7e0,~
code-creation,CallIC,0x3f1151b331c0,157,"getCached"
code-creation,LoadIC,0x3f1151b33260,138,"_cache"
code-creation,LoadIC,0x3f1151b33260,138,"_cache"
tick,0x7fc9f263e99d,0x7fff109f1c10,0,0x0,0,0x3f1151b2d787,0x3f1151b2d580,0x3f1151b330b6,0x3f1151b2cba5,0x3f1151b2c685
code-creation,CallIC,0x3f1151b33300,157,"exists"
code-creation,LoadIC,0x3f1151b333a0,138,"_source"
code-creation,LoadIC,0x3f1151b333a0,138,"_source"
code-creation,Stub,0x3f1151b33440,1168,"StringDictionaryLookupStub"
code-creation,CallIC,0x3f1151b338e0,559,"hasOwnProperty"
code-creation,LoadIC,0x3f1151b33b20,138,"moduleLoadList"
code-creation,LoadIC,0x3f1151b33b20,138,"moduleLoadList"
code-creation,Stub,0x3f1151b33bc0,1708,"RecordWriteStub"
code-creation,Stub,0x3f1151b34280,754,"RecordWriteStub"
code-creation,CallIC,0x3f1151b34580,655,"push"
code-creation,Stub,0x3f1151b34820,790,"RecordWriteStub"
code-creation,StoreIC,0x3f1151b34b40,328,"filename"
code-creation,StoreIC,0x3f1151b34b40,328,"filename"
code-creation,StoreIC,0x3f1151b34ca0,328,"id"
code-creation,StoreIC,0x3f1151b34ca0,328,"id"
code-creation,StoreIC,0x3f1151b34e00,328,"exports"
code-creation,StoreIC,0x3f1151b34e00,328,"exports"
code-creation,StoreIC,0x3f1151b34f60,328,"loaded"
code-creation,StoreIC,0x3f1151b34f60,328,"loaded"
code-creation,CallMiss,0x3f1151b350c0,238,"args_count: 0"
code-creation,CallIC,0x3f1151b351c0,185,"cache"
code-creation,LoadIC,0x3f1151b35280,134,"id"
code-creation,LoadIC,0x3f1151b35280,134,"id"
code-creation,CallIC,0x3f1151b35320,185,"compile"
code-creation,CallIC,0x3f1151b353e0,157,"getSource"
code-creation,CallIC,0x3f1151b35480,157,"wrap"
code-creation,LoadIC,0x3f1151b35520,138,"wrapper"
code-creation,LoadIC,0x3f1151b35520,138,"wrapper"
code-creation,LoadIC,0x3f1151b355c0,134,"filename"
code-creation,LoadIC,0x3f1151b355c0,134,"filename"
tick,0x7fc9f25fa0c6,0x7fff109ef2b8,1,0x88a0b0,2,0x3f1151b2de6c,0x3f1151b2d6c8,0x3f1151b330b6,0x3f1151b2cba5,0x3f1151b2c685
tick,0x73b322,0x7fff109efc90,1,0x88a0b0,2,0x3f1151b2de6c,0x3f1151b2d6c8,0x3f1151b330b6,0x3f1151b2cba5,0x3f1151b2c685
code-creation,Stub,0x3f1151b35660,307,"FastNewContextStub"
code-creation,Function,0x3f1151b357a0,5600," buffer.js:1",0x3acf96f64820,~
code-creation,Script,0x3f1151b36d80,244,"buffer.js",0x3acf96f64918,~
code-creation,LoadIC,0x3f1151b36e80,134,"exports"
code-creation,LoadIC,0x3f1151b36e80,134,"exports"
code-creation,LoadIC,0x3f1151b36f20,140,"require"
code-creation,LoadIC,0x3f1151b36f20,140,"require"
code-creation,CallIC,0x3f1151b36fc0,203,"Instantiate"
tick,0x7fc9f25fa26f,0x7fff109f1948,1,0x877360,5,0x3f1151b35b99,0x3f1151b2ded8,0x3f1151b2d6c8,0x3f1151b330b6,0x3f1151b2cba5,0x3f1151b2c685
tick,0x6482b1,0x7fff109f1950,1,0x877360,5,0x3f1151b35b99,0x3f1151b2ded8,0x3f1151b2d6c8,0x3f1151b330b6,0x3f1151b2cba5,0x3f1151b2c685
code-creation,Stub,0x3f1151b370a0,272,"FastNewContextStub"
code-creation,Function,0x3f1151b371c0,1892," assert.js:1",0x3acf96f68120,~
code-creation,Script,0x3f1151b37940,244,"assert.js",0x3acf96f68218,~
tick,0x74bd3e,0x7fff109ef1c0,1,0x88a0b0,2,0x3f1151b2de6c,0x3f1151b2d6c8,0x3f1151b37502,0x3f1151b2ded8,0x3f1151b2d6c8,0x3f1151b35c0f,0x3f1151b2ded8,0x3f1151b2d6c8,0x3f1151b330b6,0x3f1151b2cba5,0x3f1151b2c685
code-creation,Stub,0x3f1151b37a40,349,"FastNewContextStub"
code-creation,Function,0x3f1151b37ba0,3192," util.js:1",0x3acf96f6a158,~
tick,0x7fc9f25b5ca8,0x7fff109f07b0,1,0x88a0b0,2,0x3f1151b2de6c,0x3f1151b2d6c8,0x3f1151b37502,0x3f1151b2ded8,0x3f1151b2d6c8,0x3f1151b35c0f,0x3f1151b2ded8,0x3f1151b2d6c8,0x3f1151b330b6,0x3f1151b2cba5,0x3f1151b2c685
code-creation,Script,0x3f1151b38820,244,"util.js",0x3acf96f6a250,~
code-creation,LazyCompile,0x3f1151b38920,2144,"DoConstructRegExp native regexp.js:35",0x3acf96f22b20,~
code-creation,LazyCompile,0x3f1151b39180,1668,"charAt native string.js:66",0x3acf96f34a88,~
code-creation,Stub,0x3f1151b39820,211,"CompareICStub"
code-creation,LazyCompile,0x3f1151b39900,488,"exports.deprecate util.js:60",0x3acf96f69928,~
code-creation,LoadIC,0x3f1151b39b00,157,"process"
code-creation,LoadIC,0x3f1151b39b00,157,"process"
code-creation,LoadIC,0x3f1151b39ba0,220,""
code-creation,LoadIC,0x3f1151b39ba0,220,""
code-creation,StoreIC,0x3f1151b39c80,185,"exports"
code-creation,StoreIC,0x3f1151b39c80,185,"exports"
code-creation,Stub,0x3f1151b39d40,262,"FastCloneShallowObjectStub"
tick,0x5f494d,0x7fff109f1730,0,0x7fff109f18a0,2,0x3f1151b37648,0x3f1151b2ded8,0x3f1151b2d6c8,0x3f1151b35c0f,0x3f1151b2ded8,0x3f1151b2d6c8,0x3f1151b330b6,0x3f1151b2cba5,0x3f1151b2c685
code-creation,LazyCompile,0x3f1151b39e60,404,"exports.inherits util.js:553",0x3acf96f69e28,~
code-creation,StoreIC,0x3f1151b3a000,185,"value"
code-creation,StoreIC,0x3f1151b3a000,185,"value"
code-creation,LoadIC,0x3f1151b3a0c0,147,"$Object"
code-creation,LoadIC,0x3f1151b3a0c0,147,"$Object"
code-creation,CallIC,0x3f1151b3a160,190,"ObjectDefineProperties"
code-creation,CallIC,0x3f1151b3a220,190,"ToObject"
code-creation,CallIC,0x3f1151b3a2e0,190,"GetOwnEnumerablePropertyNames"
code-creation,LoadIC,0x3f1151b3a3a0,147,"InternalArray"
code-creation,LoadIC,0x3f1151b3a3a0,147,"InternalArray"
code-creation,CallIC,0x3f1151b3a440,655,"push"
code-creation,KeyedLoadIC,0x3f1151b3a6e0,154,"constructor"
code-creation,KeyedLoadIC,0x3f1151b3a6e0,154,"constructor"
code-creation,CallIC,0x3f1151b3a780,190,"ToPropertyDescriptor"
code-creation,LoadIC,0x3f1151b3a840,147,"PropertyDescriptor"
code-creation,LoadIC,0x3f1151b3a840,147,"PropertyDescriptor"
code-creation,StoreIC,0x3f1151b3a8e0,300,"value_"
code-creation,StoreIC,0x3f1151b3a8e0,300,"value_"
code-creation,StoreIC,0x3f1151b3aa20,300,"hasValue_"
code-creation,StoreIC,0x3f1151b3aa20,300,"hasValue_"
code-creation,StoreIC,0x3f1151b3ab60,300,"writable_"
code-creation,StoreIC,0x3f1151b3ab60,300,"writable_"
code-creation,StoreIC,0x3f1151b3aca0,300,"hasWritable_"
code-creation,StoreIC,0x3f1151b3aca0,300,"hasWritable_"
code-creation,StoreIC,0x3f1151b3ade0,300,"enumerable_"
code-creation,StoreIC,0x3f1151b3ade0,300,"enumerable_"
code-creation,StoreIC,0x3f1151b3af20,300,"hasEnumerable_"
code-creation,StoreIC,0x3f1151b3af20,300,"hasEnumerable_"
code-creation,StoreIC,0x3f1151b3b060,300,"configurable_"
code-creation,StoreIC,0x3f1151b3b060,300,"configurable_"
code-creation,StoreIC,0x3f1151b3b1a0,300,"hasConfigurable_"
code-creation,StoreIC,0x3f1151b3b1a0,300,"hasConfigurable_"
code-creation,StoreIC,0x3f1151b3b2e0,300,"get_"
code-creation,StoreIC,0x3f1151b3b2e0,300,"get_"
code-creation,StoreIC,0x3f1151b3b420,300,"hasGetter_"
code-creation,StoreIC,0x3f1151b3b420,300,"hasGetter_"
code-creation,StoreIC,0x3f1151b3b560,300,"set_"
code-creation,StoreIC,0x3f1151b3b560,300,"set_"
code-creation,StoreIC,0x3f1151b3b6a0,300,"hasSetter_"
code-creation,StoreIC,0x3f1151b3b6a0,300,"hasSetter_"
code-creation,LazyCompile,0x3f1151b3b7e0,248,"$Array.writable_ native v8natives.js:526",0x3acf96f1cda8,~
code-creation,StoreIC,0x3f1151b3b8e0,185,"enumerable_"
code-creation,StoreIC,0x3f1151b3b8e0,185,"enumerable_"
code-creation,StoreIC,0x3f1151b3b9a0,185,"hasEnumerable_"
code-creation,StoreIC,0x3f1151b3b9a0,185,"hasEnumerable_"
code-creation,LazyCompile,0x3f1151b3ba60,248,"$Array.get_ native v8natives.js:546",0x3acf96f1d260,~
code-creation,StoreIC,0x3f1151b3bb60,185,"configurable_"
code-creation,StoreIC,0x3f1151b3bb60,185,"configurable_"
code-creation,StoreIC,0x3f1151b3bc20,185,"hasConfigurable_"
code-creation,StoreIC,0x3f1151b3bc20,185,"hasConfigurable_"
tick,0x7fc9f263e99d,0x7fff109f1910,0,0x0,0,0x3f1151b3bb13,0x3f1151b2fa0b,0x3f1151b2efa2,0x3f1151b2edad,0x3f1151b39f9a,0x3f1151b37648,0x3f1151b2ded8,0x3f1151b2d6c8,0x3f1151b35c0f,0x3f1151b2ded8,0x3f1151b2d6c8,0x3f1151b330b6,0x3f1151b2cba5,0x3f1151b2c685
code-creation,LoadIC,0x3f1151b3bce0,134,"value"
code-creation,LoadIC,0x3f1151b3bce0,134,"value"
code-creation,CallIC,0x3f1151b3bd80,235,"setValue"
code-creation,LazyCompile,0x3f1151b3be80,248,"$Array.configurable_ native v8natives.js:536",0x3acf96f1cff0,~
code-creation,StoreIC,0x3f1151b3bf80,185,"writable_"
code-creation,StoreIC,0x3f1151b3bf80,185,"writable_"
code-creation,StoreIC,0x3f1151b3c040,185,"hasWritable_"
code-creation,StoreIC,0x3f1151b3c040,185,"hasWritable_"
code-creation,CallIC,0x3f1151b3c100,190,"IsInconsistentDescriptor"
code-creation,CallIC,0x3f1151b3c1c0,190,"IsAccessorDescriptor"
code-creation,CallIC,0x3f1151b3c280,232,"hasGetter"
code-creation,LoadIC,0x3f1151b3c380,134,"hasGetter_"
code-creation,LoadIC,0x3f1151b3c380,134,"hasGetter_"
code-creation,CallIC,0x3f1151b3c420,232,"hasSetter"
code-creation,LoadIC,0x3f1151b3c520,134,"hasSetter_"
code-creation,LoadIC,0x3f1151b3c520,134,"hasSetter_"
code-creation,CallMiss,0x3f1151b3c5c0,243,"args_count: 4"
code-creation,CallIC,0x3f1151b3c6c0,190,"DefineOwnProperty"
code-creation,CallIC,0x3f1151b3c780,190,"DefineObjectProperty"
code-creation,CallIC,0x3f1151b3c840,190,"ToString"
code-creation,CallIC,0x3f1151b3c900,190,"ConvertDescriptorArrayToDescriptor"
code-creation,CallIC,0x3f1151b3c9c0,232,"hasEnumerable"
code-creation,LoadIC,0x3f1151b3cac0,134,"hasEnumerable_"
code-creation,LoadIC,0x3f1151b3cac0,134,"hasEnumerable_"
code-creation,LazyCompile,0x3f1151b3cb60,220,"$Array.writable_ native v8natives.js:530",0x3acf96f1ceb0,~
code-creation,CallIC,0x3f1151b3cc40,235,"hasConfigurable"
code-creation,LoadIC,0x3f1151b3cd40,134,"hasConfigurable_"
code-creation,LoadIC,0x3f1151b3cd40,134,"hasConfigurable_"
code-creation,LazyCompile,0x3f1151b3cde0,220,"$Array.get_ native v8natives.js:553",0x3acf96f1d3e0,~
code-creation,CallIC,0x3f1151b3cec0,190,"IsDataDescriptor"
code-creation,CallIC,0x3f1151b3cf80,235,"hasValue"
code-creation,CallIC,0x3f1151b3d080,232,"hasWritable"
code-creation,LoadIC,0x3f1151b3d180,134,"hasWritable_"
code-creation,LoadIC,0x3f1151b3d180,134,"hasWritable_"
code-creation,LazyCompile,0x3f1151b3d220,220,"$Array.configurable_ native v8natives.js:540",0x3acf96f1d120,~
code-creation,CallIC,0x3f1151b3d300,235,"getValue"
code-creation,LoadIC,0x3f1151b3d400,134,"value_"
code-creation,LoadIC,0x3f1151b3d400,134,"value_"
tick,0x5bb501,0x7fff109f19f0,1,0x877360,4,0x3f1151b330fa,0x3f1151b2cba5,0x3f1151b2c685
code-creation,StoreIC,0x3f1151b3d4a0,189,"domain"
code-creation,StoreIC,0x3f1151b3d4a0,189,"domain"
code-creation,LazyCompile,0x3f1151b3d560,668,"startup.globalTimeouts node.js:171",0x3acf96f5d880,~
code-creation,LazyCompile,0x3f1151b3d800,252,"startup.globalConsole node.js:203",0x3acf96f5d920,~
code-creation,LazyCompile,0x3f1151b3d900,816,"__defineGetter__ native v8natives.js:281",0x3acf96f1a2b0,~
code-creation,LazyCompile,0x3f1151b3dc40,248,"$Array.set_ native v8natives.js:556",0x3acf96f1d480,~
code-creation,StoreIC,0x3f1151b3dd40,185,"get_"
code-creation,StoreIC,0x3f1151b3dd40,185,"get_"
code-creation,StoreIC,0x3f1151b3de00,185,"hasGetter_"
code-creation,StoreIC,0x3f1151b3de00,185,"hasGetter_"
code-creation,CallIC,0x3f1151b3dec0,235,"isEnumerable"
code-creation,LoadIC,0x3f1151b3dfc0,134,"enumerable_"
code-creation,LoadIC,0x3f1151b3dfc0,134,"enumerable_"
code-creation,CallIC,0x3f1151b3e060,235,"isConfigurable"
code-creation,LoadIC,0x3f1151b3e160,134,"configurable_"
code-creation,LoadIC,0x3f1151b3e160,134,"configurable_"
code-creation,LazyCompile,0x3f1151b3e200,360,"IsGenericDescriptor native v8natives.js:361",0x3acf96f1a710,~
code-creation,LazyCompile,0x3f1151b3e380,220,"$Array.set_ native v8natives.js:560",0x3acf96f1d560,~
code-creation,LazyCompile,0x3f1151b3e460,308,"startup.processAssert node.js:294",0x3acf96f5db00,~
code-creation,LazyCompile,0x3f1151b3e5a0,716,"startup.processConfig node.js:303",0x3acf96f5dba0,~
code-creation,Stub,0x3f1151b3e880,143,"BinaryOpStub_SHR_Alloc_Uninitialized"
tick,0x63ca03,0x7fff109f1c40,0,0x7fff109f1dc0,2,0x3f1151b3e698,0x3f1151b2cc0d,0x3f1151b2c685
code-creation,LazyCompile,0x3f1151b3e920,1196,"split native string.js:554",0x3acf96f353e8,~
code-creation,Stub,0x3f1151b3ede0,240,"CompareICStub"
code-creation,LazyCompile,0x3f1151b3eee0,1452,"join native array.js:410",0x3acf96f217b0,~
code-creation,Stub,0x3f1151b3f4a0,313,"BinaryOpStub_SHR_Alloc_SMI"
code-creation,LazyCompile,0x3f1151b3f5e0,4088,"Join native array.js:119",0x3acf96f21210,
code-creation,LazyCompile,0x3f1151b405e0,456,"UseSparseVariant native array.js:111",0x3acf96f21170,~
code-creation,Stub,0x3f1151b407c0,201,"CompareICStub"
code-creation,KeyedLoadIC,0x3f1151b408a0,130,""
code-creation,KeyedLoadIC,0x3f1151b408a0,130,"args_count: 0"
code-creation,Stub,0x3f1151b40940,299,"BinaryOpStub_SUB_Alloc_SMI"
code-creation,LazyCompile,0x3f1151b40a80,328,"ToUint32 native runtime.js:586",0x3acf96f28c00,~
code-creation,CallMiss,0x3f1151b40be0,243,"args_count: 3"
code-creation,CallIC,0x3f1151b40ce0,190,"DoConstructRegExp"
code-creation,LoadIC,0x3f1151b40da0,147,"StringCharAt"
code-creation,LoadIC,0x3f1151b40da0,147,"StringCharAt"
tick,0x73b3f3,0x7fff109efaa0,0,0x3ef72d4c00000006,2,0x3f1151b3e7cd,0x3f1151b2cc0d,0x3f1151b2c685
code-creation,LazyCompile,0x3f1151b40e40,2468,"replace native string.js:221",0x3acf96f34f88,~
code-creation,LazyCompile,0x3f1151b41800,572,"parse native json.js:55",0x3acf96f31f50,~
code-creation,LazyCompile,0x3f1151b41a40,1512,"Revive native json.js:30",0x3acf96f31338,~
code-creation,KeyedLoadIC,0x3f1151b42040,158,"target_defaults"
code-creation,KeyedLoadIC,0x3f1151b42040,158,"target_defaults"
code-creation,LoadIC,0x3f1151b420e0,147,"ObjectHasOwnProperty"
code-creation,LoadIC,0x3f1151b420e0,147,"ObjectHasOwnProperty"
code-creation,CallIC,0x3f1151b42180,190,"Revive"
code-creation,KeyedLoadIC,0x3f1151b42240,158,"cflags"
code-creation,KeyedLoadIC,0x3f1151b42240,158,"cflags"
code-creation,LazyCompile,0x3f1151b422e0,312," node.js:311",0x3acf96f6c818,~
code-creation,KeyedStoreIC,0x3f1151b42420,208,"cflags"
code-creation,KeyedStoreIC,0x3f1151b42420,208,"cflags"
code-creation,KeyedStoreIC,0x3f1151b42500,208,"default_configuration"
code-creation,KeyedStoreIC,0x3f1151b42500,208,"default_configuration"
code-creation,Stub,0x3f1151b425e0,261,"FastNewContextStub"
tick,0x815a68,0x7fff109f1ba0,0,0x169f5c0,2,0x3f1151b2cc27,0x3f1151b2c685
code-creation,LazyCompile,0x3f1151b42700,1232,"startup.processNextTick node.js:318",0x3acf96f5dc40,~
code-creation,LazyCompile,0x3f1151b42be0,456,"startup.processStdio node.js:608",0x3acf96f5dce0,~
code-creation,CallIC,0x3f1151b42dc0,238,"setGet"
code-creation,CallIC,0x3f1151b42ec0,235,"setEnumerable"
code-creation,CallIC,0x3f1151b42fc0,235,"setConfigurable"
code-creation,CallIC,0x3f1151b430c0,190,"IsGenericDescriptor"
code-creation,CallIC,0x3f1151b43180,232,"getGet"
code-creation,LoadIC,0x3f1151b43280,134,"get_"
code-creation,LoadIC,0x3f1151b43280,134,"get_"
code-creation,LazyCompile,0x3f1151b43320,316,"startup.processKillAndExit node.js:703",0x3acf96f5dd80,~
code-creation,LazyCompile,0x3f1151b43460,656,"startup.processSignalHandlers node.js:736",0x3acf96f5de20,~
code-creation,LazyCompile,0x3f1151b43700,632,"startup.processChannel node.js:788",0x3acf96f5dec0,~
code-creation,LazyCompile,0x3f1151b43980,620,"startup.resolveArgv0 node.js:810",0x3acf96f5df60,~
code-creation,Stub,0x3f1151b43c00,370,"CompareICStub"
code-creation,LazyCompile,0x3f1151b43d80,908,"indexOf native string.js:118",0x3acf96f34c68,~
code-creation,Stub,0x3f1151b44120,370,"CompareICStub"
code-creation,Stub,0x3f1151b442a0,166,"ToBooleanStub_String"
tick,0x7fc9f263e99d,0x7fff109f1da0,0,0x0,0,0x3f1151b2ce59,0x3f1151b2c685
code-creation,LoadIC,0x3f1151b44360,138,"moduleLoadList"
code-creation,LoadIC,0x3f1151b44360,138,"moduleLoadList"
code-creation,Function,0x3f1151b44400,2824," path.js:1",0x3acf96f6eef8,~
tick,0x6ea614,0x7fff109f1260,1,0x88a0b0,2,0x3f1151b2de6c,0x3f1151b2d6c8,0x3f1151b2ce84,0x3f1151b2c685
code-creation,Script,0x3f1151b44f20,244,"path.js",0x3acf96f6eff0,~
code-creation,LoadIC,0x3f1151b45020,157,"process"
code-creation,LoadIC,0x3f1151b45020,157,"process"
code-creation,LoadIC,0x3f1151b450c0,220,""
code-creation,LoadIC,0x3f1151b450c0,220,""
code-creation,LazyCompile,0x3f1151b451a0,1220,"exports.resolve path.js:304",0x3acf96f6e6f0,~
code-creation,KeyedLoadIC,0x3f1151b45680,130,""
code-creation,KeyedLoadIC,0x3f1151b45680,130,"args_count: 0"
code-creation,CallIC,0x3f1151b45720,763,"charAt"
code-creation,LazyCompile,0x3f1151b45a20,1976,"filter native array.js:1036",0x3acf96f21e90,~
code-creation,LazyCompile,0x3f1151b461e0,216," path.js:326",0x3acf96f6f350,~
code-creation,LazyCompile,0x3f1151b462c0,928,"normalizeArray path.js:31",0x3acf96f6e1f0,~
code-creation,KeyedStoreIC,0x3f1151b46660,130,""
code-creation,KeyedStoreIC,0x3f1151b46660,130,"args_count: 0"
tick,0x7b04f1,0x7fff109f03c0,1,0x88a0b0,2,0x3f1151b2de6c,0x3f1151b2d6c8,0x3f1151b2cfb9,0x3f1151b2c685
tick,0x7fc9f25fa029,0x7fff109f1408,1,0x88a0b0,2,0x3f1151b2de6c,0x3f1151b2d6c8,0x3f1151b2cfb9,0x3f1151b2c685
code-creation,Function,0x3f1151b46700,3632," module.js:1",0x3acf96f70ad0,~
code-creation,Script,0x3f1151b47540,244,"module.js",0x3acf96f70bc8,~
code-creation,KeyedLoadIC,0x3f1151b47640,158,"assert"
code-creation,KeyedLoadIC,0x3f1151b47640,158,"assert"
code-creation,Stub,0x3f1151b476e0,466,"CompareStub_GT"
code-creation,Stub,0x3f1151b478c0,286,"CompareICStub"
code-creation,KeyedLoadIC,0x3f1151b479e0,158,"path"
code-creation,KeyedLoadIC,0x3f1151b479e0,158,"path"
code-creation,CallInitialize,0x3f1151b47a80,241,"args_count: 5"
code-creation,LazyCompile,0x3f1151b47b80,1072,"Module._initPaths module.js:502",0x3acf96f707d0,~
code-creation,CallPreMonomorphic,0x3f1151b47fc0,241,"args_count: 5"
code-creation,LoadIC,0x3f1151b480c0,134,"length"
code-creation,LoadIC,0x3f1151b480c0,134,"length"
code-creation,CallIC,0x3f1151b48160,218,"split"
code-creation,CallIC,0x3f1151b48240,200,"filter"
code-creation,CallIC,0x3f1151b48320,190,"ToUint32"
code-creation,LoadIC,0x3f1151b483e0,147,"$Array"
code-creation,LoadIC,0x3f1151b483e0,147,"$Array"
code-creation,CallMiss,0x3f1151b48480,241,"args_count: 2"
code-creation,CallIC,0x3f1151b48580,192,"splice"
code-creation,CallIC,0x3f1151b48640,187,"join"
code-creation,LoadIC,0x3f1151b48700,147,"ConvertToString"
code-creation,LoadIC,0x3f1151b48700,147,"ConvertToString"
code-creation,CallIC,0x3f1151b487a0,190,"Join"
code-creation,LoadIC,0x3f1151b48860,147,"visited_arrays"
code-creation,LoadIC,0x3f1151b48860,147,"visited_arrays"
code-creation,CallIC,0x3f1151b48900,190,"UseSparseVariant"
tick,0x7fc9f25ea16e,0x7fff109f1b20,0,0x9eff90,4,0x3f1151b47e59,0x3f1151b474c9,0x3f1151b2ded8,0x3f1151b2d6c8,0x3f1151b2cfb9,0x3f1151b2c685
code-creation,StoreIC,0x3f1151b489c0,189,"globalPaths"
code-creation,StoreIC,0x3f1151b489c0,189,"globalPaths"
code-creation,CallInitialize,0x3f1151b48a80,241,"args_count: 3"
code-creation,LazyCompile,0x3f1151b48b80,316,"Module.runMain module.js:495",0x3acf96f70730,~
code-creation,CallPreMonomorphic,0x3f1151b48cc0,241,"args_count: 3"
code-creation,LazyCompile,0x3f1151b48dc0,1296,"Module._load module.js:275",0x3acf96f702d0,
code-creation,Stub,0x3f1151b492e0,142,"ToBooleanStub_Null"
code-creation,LazyCompile,0x3f1151b49380,688,"Module._resolveFilename module.js:323",0x3acf96f70370,~
code-creation,LazyCompile,0x3f1151b49640,2196,"Module._resolveLookupPaths module.js:231",0x3acf96f70230,~
code-creation,Stub,0x3f1151b49ee0,755,"SubStringStub"
code-creation,LazyCompile,0x3f1151b4a1e0,1616,"substring native string.js:658",0x3acf96f35528,~
code-creation,LazyCompile,0x3f1151b4a840,2328,"stringify native json.js:308",0x3acf96f323b0,~
code-creation,LazyCompile,0x3f1151b4b160,2084,"BasicJSONSerialize native json.js:274",0x3acf96f32310,~
code-creation,CallIC,0x3f1151b4b9a0,190,"BasicJSONSerialize"
tick,0x7479f9,0x7fff109f19e0,0,0x1660eba,2,0x3f1151b4b915,0x3f1151b4a97f,0x3f1151b4952a,0x3f1151b48ed6,0x3f1151b48c4b,0x3f1151b2d0f9,0x3f1151b2c685
code-creation,LazyCompile,0x3f1151b4ba60,2736,"BasicSerializeArray native json.js:181",0x3acf96f321d0,~
code-creation,LazyCompile,0x3f1151b4c520,184,"Module._debug module.js:65",0x3acf96f6ffb0,~
code-creation,LazyCompile,0x3f1151b4c5e0,1316,"Module._findPath module.js:160",0x3acf96f700f0,~
code-creation,LazyCompile,0x3f1151b4cb20,524,"keys native v8natives.js:333",0x3acf96f1a530,~
code-creation,LazyCompile,0x3f1151b4cd40,1148,"slice native string.js:510",0x3acf96f35348,~
code-creation,Stub,0x3f1151b4d1c0,201,"CompareICStub"
code-creation,LazyCompile,0x3f1151b4d2a0,800,"SubString native string.js:205",0x3acf96f34ee8,~
code-creation,StoreIC,0x3f1151b4d5c0,185,"request"
code-creation,StoreIC,0x3f1151b4d5c0,185,"request"
code-creation,StoreIC,0x3f1151b4d680,185,"paths"
code-creation,StoreIC,0x3f1151b4d680,185,"paths"
code-creation,LoadIC,0x3f1151b4d740,164,""
code-creation,LoadIC,0x3f1151b4d740,164,""
code-creation,LazyCompile,0x3f1151b4d800,1036,"BasicSerializeObject native json.js:244",0x3acf96f32270,~
code-creation,KeyedLoadIC,0x3f1151b4dc20,154,"paths"
code-creation,KeyedLoadIC,0x3f1151b4dc20,154,"paths"
code-creation,LoadIC,0x3f1151b4dcc0,194,""
code-creation,LoadIC,0x3f1151b4dcc0,194,""
code-creation,CallIC,0x3f1151b4dda0,190,"BasicSerializeArray"
tick,0x7536a4,0x7fff109f1370,0,0x9ed4c9,2,0x3f1151b4c8e4,0x3f1151b4956d,0x3f1151b48ed6,0x3f1151b48c4b,0x3f1151b2d0f9,0x3f1151b2c685
code-creation,LazyCompile,0x3f1151b4de60,400,"tryFile module.js:138",0x3acf96f6fdd0,~
tick,0x5dcb30,0x7fff109ef9b8,1,0x88a0b0,2,0x3f1151b2de6c,0x3f1151b2d6c8,0x3f1151b4def8,0x3f1151b4c8e4,0x3f1151b4956d,0x3f1151b48ed6,0x3f1151b48c4b,0x3f1151b2d0f9,0x3f1151b2c685
tick,0x74bd59,0x7fff109ef2a0,1,0x88a0b0,2,0x3f1151b2de6c,0x3f1151b2d6c8,0x3f1151b4def8,0x3f1151b4c8e4,0x3f1151b4956d,0x3f1151b48ed6,0x3f1151b48c4b,0x3f1151b2d0f9,0x3f1151b2c685
tick,0x7e1c98,0x7fff109ef5f0,1,0x88a0b0,2,0x3f1151b2de6c,0x3f1151b2d6c8,0x3f1151b4def8,0x3f1151b4c8e4,0x3f1151b4956d,0x3f1151b48ed6,0x3f1151b48c4b,0x3f1151b2d0f9,0x3f1151b2c685
code-creation,Stub,0x3f1151b4e000,475,"FastNewContextStub"
tick,0x7fc9f25fa495,0x7fff109f0ec8,1,0x88a0b0,2,0x3f1151b2de6c,0x3f1151b2d6c8,0x3f1151b4def8,0x3f1151b4c8e4,0x3f1151b4956d,0x3f1151b48ed6,0x3f1151b48c4b,0x3f1151b2d0f9,0x3f1151b2c685
code-creation,Function,0x3f1151b4e1e0,12908," fs.js:1",0x3acf96f76a78,~
code-creation,Script,0x3f1151b51460,244,"fs.js",0x3acf96f76b70,~
tick,0x871170,0x7fff109f17b8,1,0x877360,5,0x3f1151b4e813,0x3f1151b2ded8,0x3f1151b2d6c8,0x3f1151b4def8,0x3f1151b4c8e4,0x3f1151b4956d,0x3f1151b48ed6,0x3f1151b48c4b,0x3f1151b2d0f9,0x3f1151b2c685
code-creation,Function,0x3f1151b51560,900," stream.js:1",0x3acf96f79960,~
code-creation,Script,0x3f1151b51900,244,"stream.js",0x3acf96f79a58,~
code-creation,LoadIC,0x3f1151b51a00,157,"Object"
code-creation,LoadIC,0x3f1151b51a00,157,"Object"
code-creation,CallIC,0x3f1151b51aa0,157,"create"
code-creation,LoadIC,0x3f1151b51b40,134,"enumerable"
code-creation,LoadIC,0x3f1151b51b40,134,"enumerable"
code-creation,CallIC,0x3f1151b51be0,190,"ToBoolean"
tick,0x7fc9f25b6701,0x7fff109f0e90,0,0x7fff00000000,0,0x3f1151b2f986,0x3f1151b2efa2,0x3f1151b2edad,0x3f1151b39f9a,0x3f1151b516d8,0x3f1151b2ded8,0x3f1151b2d6c8,0x3f1151b4e923,0x3f1151b2ded8,0x3f1151b2d6c8,0x3f1151b4def8,0x3f1151b4c8e4,0x3f1151b4956d,0x3f1151b48ed6,0x3f1151b48c4b,0x3f1151b2d0f9,0x3f1151b2c685
code-creation,LoadIC,0x3f1151b51ca0,134,"configurable"
code-creation,LoadIC,0x3f1151b51ca0,134,"configurable"
code-creation,LoadIC,0x3f1151b51d40,134,"writable"
code-creation,LoadIC,0x3f1151b51d40,134,"writable"
code-creation,CallIC,0x3f1151b51de0,238,"setWritable"
code-creation,CallIC,0x3f1151b51ee0,235,"isWritable"
code-creation,LoadIC,0x3f1151b51fe0,134,"writable_"
code-creation,LoadIC,0x3f1151b51fe0,134,"writable_"
tick,0x7b2a21,0x7fff109ef840,1,0x88a0b0,2,0x3f1151b2de6c,0x3f1151b2d6c8,0x3f1151b51709,0x3f1151b2ded8,0x3f1151b2d6c8,0x3f1151b4e923,0x3f1151b2ded8,0x3f1151b2d6c8,0x3f1151b4def8,0x3f1151b4c8e4,0x3f1151b4956d,0x3f1151b48ed6,0x3f1151b48c4b,0x3f1151b2d0f9,0x3f1151b2c685
code-creation,Function,0x3f1151b52080,2888," _stream_readable.js:1",0x3acf96f7b118,~
code-creation,Script,0x3f1151b52be0,244,"_stream_readable.js",0x3acf96f7b210,~
tick,0x7b3024,0x7fff109ef720,1,0x88a0b0,2,0x3f1151b2de6c,0x3f1151b2d6c8,0x3f1151b5174e,0x3f1151b2ded8,0x3f1151b2d6c8,0x3f1151b4e923,0x3f1151b2ded8,0x3f1151b2d6c8,0x3f1151b4def8,0x3f1151b4c8e4,0x3f1151b4956d,0x3f1151b48ed6,0x3f1151b48c4b,0x3f1151b2d0f9,0x3f1151b2c685
code-creation,Stub,0x3f1151b52ce0,314,"FastNewContextStub"
code-creation,Function,0x3f1151b52e20,1896," _stream_writable.js:1",0x3acf96f7c5f8,~
code-creation,Script,0x3f1151b535a0,244,"_stream_writable.js",0x3acf96f7c6f0,~
code-creation,Function,0x3f1151b536a0,740," _stream_duplex.js:1",0x3acf96f7cc50,~
code-creation,Script,0x3f1151b539a0,244,"_stream_duplex.js",0x3acf96f7cd48,~
code-creation,StoreIC,0x3f1151b53aa0,256,"super_"
code-creation,StoreIC,0x3f1151b53aa0,256,"super_"
code-creation,LazyCompile,0x3f1151b53ba0,1692,"forEach native array.js:1087",0x3acf96f21f30,~
code-creation,LazyCompile,0x3f1151b54240,296,"readable _stream_duplex.js:34",0x3acf96f7cab0,~
code-creation,KeyedLoadIC,0x3f1151b54380,160,"_write"
code-creation,KeyedLoadIC,0x3f1151b54380,160,"_write"
code-creation,KeyedLoadIC,0x3f1151b54420,160,"end"
tick,0x7fc9f263e99d,0x7fff109f1600,0,0x0,0,0x3f1151b5431c,0x3f1151b5412a,0x3f1151b5393b,0x3f1151b2ded8,0x3f1151b2d6c8,0x3f1151b51793,0x3f1151b2ded8,0x3f1151b2d6c8,0x3f1151b4e923,0x3f1151b2ded8,0x3f1151b2d6c8,0x3f1151b4def8,0x3f1151b4c8e4,0x3f1151b4956d,0x3f1151b48ed6,0x3f1151b48c4b,0x3f1151b2d0f9,0x3f1151b2c685
code-creation,KeyedLoadIC,0x3f1151b54420,160,"end"
code-creation,Stub,0x3f1151b544c0,232,"FastNewContextStub"
code-creation,Function,0x3f1151b545c0,984," _stream_transform.js:1",0x3acf96f7d620,~
code-creation,Script,0x3f1151b549a0,244,"_stream_transform.js",0x3acf96f7d718,~
code-creation,Stub,0x3f1151b54aa0,226,"FastNewContextStub"
code-creation,Function,0x3f1151b54ba0,560," _stream_passthrough.js:1",0x3acf96f7dba8,~
code-creation,Script,0x3f1151b54de0,244,"_stream_passthrough.js",0x3acf96f7dca0,~
code-creation,StoreIC,0x3f1151b54ee0,185,"value"
code-creation,StoreIC,0x3f1151b54ee0,185,"value"
code-creation,LazyCompile,0x3f1151b54fa0,1088,"defineProperty native v8natives.js:1050",0x3acf96f1b570,~
code-creation,LoadIC,0x3f1151b553e0,134,"enumerable"
tick,0x7fc9f25b867d,0x7fff109f1070,0,0x9ed244,0,0x3f1151b2f976,0x3f1151b55356,0x3f1151b4f628,0x3f1151b2ded8,0x3f1151b2d6c8,0x3f1151b4def8,0x3f1151b4c8e4,0x3f1151b4956d,0x3f1151b48ed6,0x3f1151b48c4b,0x3f1151b2d0f9,0x3f1151b2c685
code-creation,LoadIC,0x3f1151b553e0,134,"enumerable"
code-creation,LoadIC,0x3f1151b55480,134,"value"
code-creation,LoadIC,0x3f1151b55480,134,"value"
code-creation,LazyCompile,0x3f1151b55520,384,"statPath module.js:88",0x3acf96f6fbf0,
code-creation,LazyCompile,0x3f1151b556a0,288,"fs.statSync fs.js:682",0x3acf96f74850,~
code-creation,LazyCompile,0x3f1151b557c0,588,"nullCheck fs.js:117",0x3acf96f725f0,~
code-creation,LazyCompile,0x3f1151b55a20,192,"exports._makeLong path.js:484",0x3acf96f6ed30,~
code-creation,LazyCompile,0x3f1151b55ae0,280,"CreateDate native apinatives.js:33",0x3acf96f29178,~
code-creation,LazyCompile,0x3f1151b55c00,476,"setTime native date.js:482",0x3acf96f14a48,~
code-creation,LoadIC,0x3f1151b55de0,147,"$Date"
code-creation,LoadIC,0x3f1151b55de0,147,"$Date"
code-creation,CallIC,0x3f1151b55e80,187,"setTime"
code-creation,CallIC,0x3f1151b55f40,190,"ToNumber"
code-creation,LazyCompile,0x3f1151b56000,232,"fs.Stats.isDirectory fs.js:136",0x3acf96f72f50,~
code-creation,LazyCompile,0x3f1151b56100,280,"fs.Stats._checkModeProperty fs.js:132",0x3acf96f72eb0,~
tick,0x7456e1,0x7fff109f0b18,0,0x7fff109f1b80,2,0x3f1151b4df94,0x3f1151b4c8e4,0x3f1151b4956d,0x3f1151b48ed6,0x3f1151b48c4b,0x3f1151b2d0f9,0x3f1151b2c685
code-creation,Stub,0x3f1151b56220,242,"FastNewContextStub"
code-creation,LazyCompile,0x3f1151b56320,2432,"realpathSync fs.js:1205",0x3acf96f75ed0,~
code-creation,LazyCompile,0x3f1151b56ca0,632,"start fs.js:1228",0x3acf96f7fd38,~
code-creation,Stub,0x3f1151b56f20,1001,"RegExpExecStub"
code-creation,LazyCompile,0x3f1151b57320,1040,"exec native regexp.js:168",0x3acf96f23f18,~
code-creation,RegExp,0x3f1151b57740,846,"^[\\/]*"
code-creation,StoreIC,0x3f1151b57aa0,150,"lastMatchInfoOverride"
code-creation,StoreIC,0x3f1151b57aa0,150,"lastMatchInfoOverride"
code-creation,Stub,0x3f1151b57b40,296,"RegExpConstructResultStub"
code-creation,LazyCompile,0x3f1151b57c80,1956,"BuildResultFromMatchInfo native regexp.js:130",0x3acf96f23dd8,~
code-creation,KeyedStoreIC,0x3f1151b58440,130,""
code-creation,KeyedStoreIC,0x3f1151b58440,130,"args_count: 0"
code-creation,KeyedLoadIC,0x3f1151b584e0,130,""
code-creation,KeyedLoadIC,0x3f1151b584e0,130,"args_count: 0"
code-creation,StoreIC,0x3f1151b58580,185,"lastIndex"
code-creation,StoreIC,0x3f1151b58580,185,"lastIndex"
code-creation,LoadIC,0x3f1151b58640,134,"lastIndex"
code-creation,LoadIC,0x3f1151b58640,134,"lastIndex"
code-creation,LoadIC,0x3f1151b586e0,134,"global"
code-creation,LoadIC,0x3f1151b586e0,134,"global"
code-creation,LoadIC,0x3f1151b58780,147,"lastMatchInfo"
code-creation,LoadIC,0x3f1151b58780,147,"lastMatchInfo"
code-creation,RegExp,0x3f1151b58820,1134,"(.*?)(?:[\\/]+|$)"
code-creation,CallIC,0x3f1151b58ca0,190,"BuildResultFromMatchInfo"
tick,0x7d022e,0x7fff109f1b60,0,0x3f1151b245e7,0,0x3f1151b5800f,0x3f1151b57718,0x3f1151b56614,0x3f1151b4df94,0x3f1151b4c8e4,0x3f1151b4956d,0x3f1151b48ed6,0x3f1151b48c4b,0x3f1151b2d0f9,0x3f1151b2c685
code-creation,LazyCompile,0x3f1151b58d60,288,"fs.lstatSync fs.js:677",0x3acf96f747b0,~
code-creation,CallIC,0x3f1151b58e80,205,"indexOf"
code-creation,LazyCompile,0x3f1151b58f60,232,"fs.Stats.isSymbolicLink fs.js:152",0x3acf96f731d0,~
code-creation,LoadIC,0x3f1151b59060,138,"mode"
code-creation,LoadIC,0x3f1151b59060,138,"mode"
code-creation,CallIC,0x3f1151b59100,187,"exec"
code-creation,LoadIC,0x3f1151b591c0,140,"hasOwnProperty"
code-creation,LoadIC,0x3f1151b591c0,140,"hasOwnProperty"
code-creation,CallIC,0x3f1151b59260,192,"call"
code-creation,CallIC,0x3f1151b59320,157,"lstatSync"
code-creation,CallIC,0x3f1151b593c0,157,"_makeLong"
code-creation,CallIC,0x3f1151b59460,549,"lstat"
code-creation,CallIC,0x3f1151b596a0,185,"isSymbolicLink"
code-creation,CallIC,0x3f1151b59760,185,"_checkModeProperty"
code-creation,LazyCompile,0x3f1151b59820,476,"Module module.js:37",0x3acf96f6fb50,~
code-creation,StoreIC,0x3f1151b59a00,185,"id"
code-creation,StoreIC,0x3f1151b59a00,185,"id"
code-creation,KeyedCallInitialize,0x3f1151b59ac0,194,"args_count: 2"
code-creation,LazyCompile,0x3f1151b59ba0,768,"Module.load module.js:346",0x3acf96f70410,~
code-creation,Stub,0x3f1151b59ea0,317,"CallFunctionStub_Args5_Recording"
code-creation,LazyCompile,0x3f1151b59fe0,296,"ok assert.js:111",0x3acf96f67518,~
code-creation,StoreIC,0x3f1151b5a120,185,"filename"
code-creation,StoreIC,0x3f1151b5a120,185,"filename"
code-creation,LazyCompile,0x3f1151b5a1e0,420,"exports.dirname path.js:415",0x3acf96f6e970,~
code-creation,LazyCompile,0x3f1151b5a3a0,236,"splitPath path.js:298",0x3acf96f6e650,~
code-creation,RegExp,0x3f1151b5a4a0,2544,"^(\\/?|)([\\s\\S]*?)((?:\\.{1\,2}|[^\\/]+?|)(\\.[^.\\/]*|))(?:[\\/]*)$"
tick,0x5f8017,0x7fff109f1d60,0,0x1639070,0,0x3f1151b5a359,0x3f1151b59d5e,0x3f1151b49287,0x3f1151b48c4b,0x3f1151b2d0f9,0x3f1151b2c685
code-creation,LazyCompile,0x3f1151b5aea0,1712,"substr native string.js:695",0x3acf96f355c8,~
code-creation,LazyCompile,0x3f1151b5b560,1380,"Module._nodeModulePaths module.js:207",0x3acf96f70190,~
code-creation,LazyCompile,0x3f1151b5bae0,3172,"StringSplitOnRegExp native string.js:591",0x3acf96f35488,~
code-creation,LazyCompile,0x3f1151b5c760,308,"DoRegExpExec native regexp.js:123",0x3acf96f23d38,~
code-creation,CallIC,0x3f1151b5c8a0,190,"DoRegExpExec"
code-creation,CallIC,0x3f1151b5c960,655,"push"
code-creation,LazyCompile,0x3f1151b5cc00,796,"ArrayConcat native array.js:471",0x3acf96f21990,~
code-creation,CallIC,0x3f1151b5cf20,192,"slice"
code-creation,CallIC,0x3f1151b5cfe0,192,"concat"
code-creation,LazyCompile,0x3f1151b5d0a0,240,"exports.extname path.js:444",0x3acf96f6eab0,~
code-creation,CallIC,0x3f1151b5d1a0,192,"slice"
code-creation,Stub,0x3f1151b5d260,968,"StringDictionaryLookupStub"
code-creation,KeyedCallMegamorphic,0x3f1151b5d640,1451,"args_count: 2"
code-creation,LazyCompile,0x3f1151b5dc00,336,"Module._extensions..js module.js:472",0x3acf96f705f0,~
tick,0x7b3024,0x7fff109f0ae0,0,0x8,2,0x3f1151b5dcb9,0x3f1151b59e36,0x3f1151b49287,0x3f1151b48c4b,0x3f1151b2d0f9,0x3f1151b2c685
code-creation,CallInitialize,0x3f1151b5dd60,241,"args_count: 4"
code-creation,LazyCompile,0x3f1151b5de60,2372,"fs.readFileSync fs.js:271",0x3acf96f73590,
code-creation,StoreIC,0x3f1151b5e7c0,185,"encoding"
code-creation,StoreIC,0x3f1151b5e7c0,185,"encoding"
code-creation,LazyCompile,0x3f1151b5e880,348,"assertEncoding fs.js:111",0x3acf96f72550,~
code-creation,LazyCompile,0x3f1151b5e9e0,688,"Buffer.isEncoding buffer.js:245",0x3acf96f629a0,~
code-creation,LazyCompile,0x3f1151b5eca0,496,"toLowerCase native string.js:739",0x3acf96f35668,~
code-creation,LazyCompile,0x3f1151b5eea0,400,"fs.openSync fs.js:424",0x3acf96f73810,~
code-creation,LazyCompile,0x3f1151b5f040,440,"modeNum fs.js:400",0x3acf96f72730,~
code-creation,Stub,0x3f1151b5f200,132,"UnaryOpStub_BIT_NOT_Alloc_Uninitialized"
code-creation,Stub,0x3f1151b5f2a0,143,"BinaryOpStub_BIT_OR_OverwriteLeft_Uninitialized"
code-creation,LazyCompile,0x3f1151b5f340,1664,"stringToFlags fs.js:344",0x3acf96f72690,~
code-creation,LazyCompile,0x3f1151b5f9c0,216,"fs.fstatSync fs.js:673",0x3acf96f74710,~
code-creation,Stub,0x3f1151b5faa0,143,"BinaryOpStub_BIT_AND_OverwriteLeft_Uninitialized"
code-creation,LazyCompile,0x3f1151b5fb40,2768,"Buffer buffer.js:156",0x3acf96f620e0,~
code-creation,LazyCompile,0x3f1151b60620,296,"ceil native math.js:79",0x3acf96f105b0,~
tick,0x7fc9f2d42e20,0x7fff109f1de8,0,0x77806f,0,0x3f1151b606fe,0x3f1151b5fec2,0x3f1151b5e282,0x3f1151b5dcb9,0x3f1151b59e36,0x3f1151b49287,0x3f1151b48c4b,0x3f1151b2d0f9,0x3f1151b2c685
code-creation,LazyCompile,0x3f1151b60760,316,"allocPool buffer.js:270",0x3acf96f62220,~
code-creation,Stub,0x3f1151b608a0,276,"BinaryOpStub_BIT_AND_OverwriteLeft_SMI"
code-creation,StoreIC,0x3f1151b609c0,189,"used"
code-creation,StoreIC,0x3f1151b609c0,189,"used"
code-creation,CallPreMonomorphic,0x3f1151b60a80,241,"args_count: 4"
code-creation,LazyCompile,0x3f1151b60b80,1280,"fs.readSync fs.js:460",0x3acf96f73950,~
code-creation,LazyCompile,0x3f1151b61080,268,"isBuffer buffer.js:277",0x3acf96f62a40,~
code-creation,LazyCompile,0x3f1151b611a0,216,"fs.closeSync fs.js:396",0x3acf96f736d0,~
code-creation,LazyCompile,0x3f1151b61280,1452,"Buffer.toString buffer.js:392",0x3acf96f62e00,~
code-creation,LazyCompile,0x3f1151b61840,288,"stripBOM module.js:460",0x3acf96f6ff10,~
code-creation,LazyCompile,0x3f1151b61960,1360,"charCodeAt native string.js:80",0x3acf96f34b28,~
code-creation,Stub,0x3f1151b61ec0,550,"FastCloneShallowArrayStub"
code-creation,Stub,0x3f1151b62100,330,"StoreArrayLiteralElementStub"
code-creation,LazyCompile,0x3f1151b62260,3152,"Module._compile module.js:374",0x3acf96f70550,~
code-creation,LoadIC,0x3f1151b62ec0,147,"lastMatchInfoOverride"
code-creation,LoadIC,0x3f1151b62ec0,147,"lastMatchInfoOverride"
code-creation,RegExp,0x3f1151b62f60,895,"^\\#\\!.*"
tick,0x7fc9f263e99d,0x7fff109f1030,0,0x0,0,0x3f1151b41225,0x3f1151b62435,0x3f1151b5dd05,0x3f1151b59e36,0x3f1151b49287,0x3f1151b48c4b,0x3f1151b2d0f9,0x3f1151b2c685
code-creation,StoreIC,0x3f1151b632e0,185,"get"
code-creation,StoreIC,0x3f1151b632e0,185,"get"
code-creation,CallIC,0x3f1151b633a0,205,"substr"
code-creation,Function,0x3f1151b63480,2324," /home/maalox/sieve/app.js:1",0x3acf96f82500,~
code-creation,Script,0x3f1151b63da0,244,"/home/maalox/sieve/app.js",0x3acf96f825f8,~
code-creation,LazyCompile,0x3f1151b63ea0,216,"require module.js:379",0x3acf96f81500,~
code-creation,LazyCompile,0x3f1151b63f80,388,"Module.require module.js:361",0x3acf96f704b0,~
code-creation,Stub,0x3f1151b64120,186,"ToBooleanStub_BoolString"
code-creation,Stub,0x3f1151b641e0,173,"ToBooleanStub_NullSpecObject"
code-creation,CallIC,0x3f1151b642a0,157,"_resolveFilename"
code-creation,CallIC,0x3f1151b64340,157,"_resolveLookupPaths"
code-creation,CallIC,0x3f1151b643e0,205,"substring"
code-creation,LoadIC,0x3f1151b644c0,157,"JSON"
tick,0x7fc9f263e99d,0x7fff109f1870,0,0x0,0,0x3f1151b494d3,0x3f1151b48ed6,0x3f1151b640b7,0x3f1151b63f29,0x3f1151b6359b,0x3f1151b62e90,0x3f1151b5dd05,0x3f1151b59e36,0x3f1151b49287,0x3f1151b48c4b,0x3f1151b2d0f9,0x3f1151b2c685
code-creation,LoadIC,0x3f1151b644c0,157,"JSON"
code-creation,CallIC,0x3f1151b64560,170,"stringify"
code-creation,CallIC,0x3f1151b64620,248,"pop"
code-creation,CallIC,0x3f1151b64720,157,"_findPath"
code-creation,LoadIC,0x3f1151b647c0,138,"_extensions"
code-creation,LoadIC,0x3f1151b647c0,138,"_extensions"
code-creation,CallIC,0x3f1151b64860,157,"keys"
code-creation,CallIC,0x3f1151b64900,218,"slice"
code-creation,CallIC,0x3f1151b649e0,190,"SubString"
code-creation,CallIC,0x3f1151b64aa0,190,"BasicSerializeObject"
code-creation,CallIC,0x3f1151b64b60,189,"ObjectKeys"
code-creation,KeyedLoadIC,0x3f1151b64c20,154,"request"
code-creation,KeyedLoadIC,0x3f1151b64c20,154,"request"
code-creation,LoadIC,0x3f1151b64cc0,138,"_pathCache"
code-creation,LoadIC,0x3f1151b64cc0,138,"_pathCache"
code-creation,CallIC,0x3f1151b64d60,167,"resolve"
code-creation,CallIC,0x3f1151b64e20,157,"require"
code-creation,CallIC,0x3f1151b64ec0,157,"statSync"
code-creation,CallIC,0x3f1151b64f60,549,"stat"
tick,0x7fc9f263e275,0x7fff109f1788,1,0x884d20,5,0x3f1151b55772,0x3f1151b5562b,0x3f1151b4df24,0x3f1151b4c8e4,0x3f1151b4956d,0x3f1151b48ed6,0x3f1151b640b7,0x3f1151b63f29,0x3f1151b6359b,0x3f1151b62e90,0x3f1151b5dd05,0x3f1151b59e36,0x3f1151b49287,0x3f1151b48c4b,0x3f1151b2d0f9,0x3f1151b2c685
code-creation,Stub,0x3f1151b651a0,146,"ToBooleanStub_UndefinedSmi"
code-creation,Stub,0x3f1151b65240,182,"ToBooleanStub_BoolSpecObject"
code-creation,LazyCompile,0x3f1151b65300,528,"tryExtensions module.js:148",0x3acf96f6fe70,~
code-creation,LoadIC,0x3f1151b65520,147,"kAddMessageAccessorsMarker"
code-creation,LoadIC,0x3f1151b65520,147,"kAddMessageAccessorsMarker"
code-creation,CallIC,0x3f1151b655c0,190,"captureStackTrace"
code-creation,LoadIC,0x3f1151b65680,147,"$Error"
code-creation,LoadIC,0x3f1151b65680,147,"$Error"
code-creation,LoadIC,0x3f1151b65720,138,"stackTraceLimit"
tick,0x7fc9f263e99d,0x7fff109f1110,0,0x0,0,0x3f1151b21ccf,0x3f1151b22796,0x3f1151b227c1,0x3f1151b55772,0x3f1151b5562b,0x3f1151b4df24,0x3f1151b653f2,0x3f1151b4c940,0x3f1151b4956d,0x3f1151b48ed6,0x3f1151b640b7,0x3f1151b63f29,0x3f1151b6359b,0x3f1151b62e90,0x3f1151b5dd05,0x3f1151b59e36,0x3f1151b49287,0x3f1151b48c4b,0x3f1151b2d0f9,0x3f1151b2c685
code-creation,LoadIC,0x3f1151b65720,138,"stackTraceLimit"
code-creation,CallIC,0x3f1151b657c0,190,"DefineOneShotAccessor"
code-creation,LazyCompile,0x3f1151b65880,552,"tryPackage module.js:122",0x3acf96f6fd30,~
code-creation,LazyCompile,0x3f1151b65ac0,848,"readPackage module.js:99",0x3acf96f6fc90,
code-creation,LazyCompile,0x3f1151b65e20,264,"hasOwnProperty module.js:32",0x3acf96f6fab0,~
code-creation,LoadIC,0x3f1151b65f40,134,"encoding"
code-creation,LoadIC,0x3f1151b65f40,134,"encoding"
code-creation,LoadIC,0x3f1151b65fe0,157,"Buffer"
code-creation,LoadIC,0x3f1151b65fe0,157,"Buffer"
code-creation,CallIC,0x3f1151b66080,157,"isEncoding"
code-creation,CallIC,0x3f1151b66120,205,"toLowerCase"
code-creation,LoadIC,0x3f1151b66200,134,"flag"
code-creation,LoadIC,0x3f1151b66200,134,"flag"
code-creation,CallMiss,0x3f1151b662a0,241,"args_count: 3"
code-creation,CallIC,0x3f1151b663a0,157,"openSync"
code-creation,CallIC,0x3f1151b66440,549,"open"
tick,0x712983,0x7fff109f1348,0,0x369012f9aa21,0,0x3f1151b21bd4,0x3f1151b21e3b,0x3f1151b22796,0x3f1151b227c1,0x3f1151b55772,0x3f1151b5562b,0x3f1151b4df24,0x3f1151b653f2,0x3f1151b4c940,0x3f1151b4956d,0x3f1151b48ed6,0x3f1151b640b7,0x3f1151b63f29,0x3f1151b6359b,0x3f1151b62e90,0x3f1151b5dd05,0x3f1151b59e36,0x3f1151b49287,0x3f1151b48c4b,0x3f1151b2d0f9,0x3f1151b2c685
code-creation,CallIC,0x3f1151b66680,157,"readFileSync"
tick,0x7fc9f263e275,0x7fff109f1878,0,0x9babe5,0,0x3f1151b55772,0x3f1151b5562b,0x3f1151b4df24,0x3f1151b4c8e4,0x3f1151b4956d,0x3f1151b48ed6,0x3f1151b640b7,0x3f1151b63f29,0x3f1151b6359b,0x3f1151b62e90,0x3f1151b5dd05,0x3f1151b59e36,0x3f1151b49287,0x3f1151b48c4b,0x3f1151b2d0f9,0x3f1151b2c685
tick,0x7fc9f263e275,0x7fff109f1878,0,0x9babe5,0,0x3f1151b55772,0x3f1151b5562b,0x3f1151b4df24,0x3f1151b4c8e4,0x3f1151b4956d,0x3f1151b48ed6,0x3f1151b640b7,0x3f1151b63f29,0x3f1151b6359b,0x3f1151b62e90,0x3f1151b5dd05,0x3f1151b59e36,0x3f1151b49287,0x3f1151b48c4b,0x3f1151b2d0f9,0x3f1151b2c685
tick,0x73aabe,0x7fff109f1960,0,0x7fff109f1a60,0,0x3f1151b3ed3f,0x3f1151b4552b,0x3f1151b4c8a2,0x3f1151b4956d,0x3f1151b48ed6,0x3f1151b640b7,0x3f1151b63f29,0x3f1151b6359b,0x3f1151b62e90,0x3f1151b5dd05,0x3f1151b59e36,0x3f1151b49287,0x3f1151b48c4b,0x3f1151b2d0f9,0x3f1151b2c685
code-creation,LazyCompile,0x3f1151b66720,628,"NativeModule.require node.js:843",0x3acf96f5e000,~
code-creation,Function,0x3f1151b669a0,220,"NativeModule.getCached node.js:867",0x3acf96f5e0a0,~
code-creation,Function,0x3f1151b66a80,232,"NativeModule.exists node.js:871",0x3acf96f5e140,~
code-creation,Function,0x3f1151b66b80,320,"NativeModule node.js:833",0x3acf96f5d740,~
code-creation,Function,0x3f1151b66cc0,236,"NativeModule.cache node.js:898",0x3acf96f5e3c0,~
tick,0x74c711,0x7fff109f03c0,0,0x7fff109f0450,2,0x3f1151b4def8,0x3f1151b653f2,0x3f1151b4c940,0x3f1151b4956d,0x3f1151b48ed6,0x3f1151b640b7,0x3f1151b63f29,0x3f1151b6359b,0x3f1151b62e90,0x3f1151b5dd05,0x3f1151b59e36,0x3f1151b49287,0x3f1151b48c4b,0x3f1151b2d0f9,0x3f1151b2c685
code-creation,Function,0x3f1151b66dc0,484,"NativeModule.compile node.js:888",0x3acf96f5e320,~
code-creation,Function,0x3f1151b66fc0,220,"NativeModule.getSource node.js:875",0x3acf96f5e1e0,~
code-creation,Function,0x3f1151b670a0,272,"NativeModule.wrap node.js:879",0x3acf96f5e280,~
tick,0x7fc9f25fa4ac,0x7fff109f1268,0,0x7fc9f25f43c2,2,0x3f1151b4def8,0x3f1151b653f2,0x3f1151b4c940,0x3f1151b4956d,0x3f1151b48ed6,0x3f1151b640b7,0x3f1151b63f29,0x3f1151b6359b,0x3f1151b62e90,0x3f1151b5dd05,0x3f1151b59e36,0x3f1151b49287,0x3f1151b48c4b,0x3f1151b2d0f9,0x3f1151b2c685
tick,0x7c24ef,0x7fff109f14e0,0,0x1645ac0,2,0x3f1151b4def8,0x3f1151b653f2,0x3f1151b4c940,0x3f1151b4956d,0x3f1151b48ed6,0x3f1151b640b7,0x3f1151b63f29,0x3f1151b6359b,0x3f1151b62e90,0x3f1151b5dd05,0x3f1151b59e36,0x3f1151b49287,0x3f1151b48c4b,0x3f1151b2d0f9,0x3f1151b2c685
code-creation,Stub,0x3f1151b671c0,1220,"RecordWriteStub"
code-creation,Stub,0x3f1151b676a0,2654,"RecordWriteStub"
code-creation,Stub,0x3f1151b68100,1196,"RecordWriteStub"
code-creation,Stub,0x3f1151b685c0,2595,"RecordWriteStub"
code-creation,Stub,0x3f1151b69000,244,"CallFunctionStub_Args4"
code-creation,LazyCompile,0x3f1151b69100,3464,"NativeModule.require node.js:843",0x3acf96f5e000,*
tick,0x7fc9f264381a,0x7fff109f19a8,0,0x7fc9f26438cd,0,0x3f1151b4def8,0x3f1151b653f2,0x3f1151b4c940,0x3f1151b4956d,0x3f1151b48ed6,0x3f1151b640b7,0x3f1151b63f29,0x3f1151b6359b,0x3f1151b62e90,0x3f1151b5dd05,0x3f1151b59e36,0x3f1151b49287,0x3f1151b48c4b,0x3f1151b2d0f9,0x3f1151b2c685
code-creation,KeyedLoadIC,0x3f1151b69ea0,158,"fs"
code-creation,KeyedLoadIC,0x3f1151b69ea0,158,"fs"
code-creation,CallIC,0x3f1151b69f40,189,"ToObject"
code-creation,LazyCompile,0x3f1151b6a000,1268,"process._fatalException node.js:222",0x3acf96f61cc0,
code-creation,LazyCompile,0x3f1151b6a500,2752,"EventEmitter.emit events.js:53",0x3acf96f606a0,~
code-creation,StoreIC,0x3f1151b6afc0,195,"_exiting"
code-creation,StoreIC,0x3f1151b6afc0,195,"_exiting"
code-creation,LoadIC,0x3f1151b6b0a0,138,"_events"
code-creation,LoadIC,0x3f1151b6b0a0,138,"_events"
tick,0x6a78d1,0x7fff109f1e40,0,0x7fff109f1ea0,0,0x3f1151b6a5e1,0x3f1151b6a4a3
code-creation,LazyCompile,0x3f1151b6b140,452,"GetLineNumber native messages.js:291",0x3acf96f2e2e0,~
code-creation,LazyCompile,0x3f1151b6b320,904,"ScriptLocationFromPosition native messages.js:387",0x3acf96f2e8e0,~
code-creation,Stub,0x3f1151b6b6c0,143,"BinaryOpStub_SAR_OverwriteLeft_Uninitialized"
code-creation,LazyCompile,0x3f1151b6b760,912,"ScriptLineFromPosition native messages.js:348",0x3acf96f2e840,~
code-creation,LazyCompile,0x3f1151b6bb00,236,"ScriptLineCount native messages.js:528",0x3acf96f2eb60,~
code-creation,Stub,0x3f1151b6bc00,299,"BinaryOpStub_SAR_OverwriteLeft_SMI"
code-creation,LazyCompile,0x3f1151b6bd40,336,"SourceLocation native messages.js:619",0x3acf96f2eca0,~
code-creation,StoreIC,0x3f1151b6bea0,185,"script"
code-creation,StoreIC,0x3f1151b6bea0,185,"script"
code-creation,StoreIC,0x3f1151b6bf60,185,"position"
code-creation,StoreIC,0x3f1151b6bf60,185,"position"
code-creation,StoreIC,0x3f1151b6c020,185,"line"
code-creation,StoreIC,0x3f1151b6c020,185,"line"
code-creation,StoreIC,0x3f1151b6c0e0,185,"column"
code-creation,StoreIC,0x3f1151b6c0e0,185,"column"
code-creation,StoreIC,0x3f1151b6c1a0,185,"start"
code-creation,StoreIC,0x3f1151b6c1a0,185,"start"
code-creation,StoreIC,0x3f1151b6c260,185,"end"
code-creation,StoreIC,0x3f1151b6c260,185,"end"
code-creation,LazyCompile,0x3f1151b6c320,424,"GetSourceLine native messages.js:303",0x3acf96f2e380,~
code-creation,CallIC,0x3f1151b6c4e0,187,"lineFromPosition"
code-creation,CallIC,0x3f1151b6c5a0,187,"lineCount"
code-creation,LoadIC,0x3f1151b6c660,147,"SourceLocation"
code-creation,LoadIC,0x3f1151b6c660,147,"SourceLocation"
code-creation,Stub,0x3f1151b6c700,143,"BinaryOpStub_DIV_Alloc_Uninitialized"
code-creation,Stub,0x3f1151b6c7a0,143,"BinaryOpStub_SUB_OverwriteLeft_Uninitialized"
code-creation,LazyCompile,0x3f1151b6c840,1024,"SourceLocationRestrict native messages.js:638",0x3acf96f2ede0,~
code-creation,LazyCompile,0x3f1151b6cc40,392,"SourceLocationSourceText native messages.js:685",0x3acf96f2ee80,~
code-creation,LazyCompile,0x3f1151b6cde0,428,"GetPositionInLine native messages.js:748",0x3acf96f2f0e8,~
tick,0x7fc9f25ec8b7,0x7fff109f1b50,0,0x0,0,0x3f1151b6c91c,0x3f1151b6cf58
code-creation,LoadIC,0x3f1151b6cfa0,147,"kLineLengthLimit"
code-creation,LoadIC,0x3f1151b6cfa0,147,"kLineLengthLimit"
code-creation,LoadIC,0x3f1151b6d040,134,"end"
code-creation,LoadIC,0x3f1151b6d040,134,"end"
code-creation,LoadIC,0x3f1151b6d0e0,134,"start"
code-creation,LoadIC,0x3f1151b6d0e0,134,"start"
code-creation,CallIC,0x3f1151b6d180,187,"locationFromPosition"
code-creation,CallIC,0x3f1151b6d240,197,"restrict"
code-creation,LazyCompile,0x3f1151b6d320,456,"DefineOneShotAccessor.h native messages.js:773",0x3acf96f2f2e8,~
code-creation,LazyCompile,0x3f1151b6d500,232," native messages.js:1122",0x3acf96f30338,~
code-creation,LazyCompile,0x3f1151b6d600,884,"FormatRawStackTrace native messages.js:1082",0x3acf96f30138,~
code-creation,LazyCompile,0x3f1151b6d980,264,"CallSite native messages.js:788",0x3acf96f2f500,~
code-creation,StoreIC,0x3f1151b6daa0,185,"receiver"
code-creation,StoreIC,0x3f1151b6daa0,185,"receiver"
code-creation,StoreIC,0x3f1151b6db60,185,"fun"
code-creation,StoreIC,0x3f1151b6db60,185,"fun"
code-creation,StoreIC,0x3f1151b6dc20,185,"pos"
code-creation,StoreIC,0x3f1151b6dc20,185,"pos"
code-creation,LoadIC,0x3f1151b6dce0,147,"CallSite"
code-creation,LoadIC,0x3f1151b6dce0,147,"CallSite"
code-creation,Stub,0x3f1151b6dd80,288,"ConstructStub"
code-creation,LazyCompile,0x3f1151b6dea0,1236,"FormatStackTrace native messages.js:1053",0x3acf96f30098,
code-creation,LazyCompile,0x3f1151b6e380,560,"toString native messages.js:1248",0x3acf96f30f38,
code-creation,LazyCompile,0x3f1151b6e5c0,1460,"ErrorToStringDetectCycle native messages.js:1227",0x3acf96f30e98,
code-creation,LazyCompile,0x3f1151b6eb80,972,"GetPropertyWithoutInvokingMonkeyGetters native messages.js:1203",0x3acf96f30df8,~
code-creation,KeyedLoadIC,0x3f1151b6ef60,154,"name"
code-creation,KeyedLoadIC,0x3f1151b6ef60,154,"name"
code-creation,KeyedLoadIC,0x3f1151b6f000,158,"message"
code-creation,KeyedLoadIC,0x3f1151b6f000,158,"message"
tick,0x6ad983,0x7fff109f1bb8,0,0x7fff109f1c08,0,0x3f1151b6e942,0x3f1151b6e583,0x3f1151b6e07a,0x3f1151b6d954,0x3f1151b6d59a,0x3f1151b6d44b
code-creation,Stub,0x3f1151b6f0a0,143,"BinaryOpStub_ADD_OverwriteRight_Uninitialized"
code-creation,LazyCompile,0x3f1151b6f140,1688,"CallSiteToString native messages.js:927",0x3acf96f2ff58,~
code-creation,LazyCompile,0x3f1151b6f7e0,344,"CallSiteIsNative native messages.js:910",0x3acf96f2fd78,~
code-creation,LazyCompile,0x3f1151b6f940,340,"CallSiteIsEval native messages.js:809",0x3acf96f2f7d8,~
code-creation,LazyCompile,0x3f1151b6faa0,304,"CallSiteGetFileName native messages.js:881",0x3acf96f2fb98,~
code-creation,LazyCompile,0x3f1151b6fbe0,480,"CallSiteGetLineNumber native messages.js:886",0x3acf96f2fc38,~
code-creation,Stub,0x3f1151b6fdc0,201,"BinaryOpStub_ADD_OverwriteRight_BothStrings"
code-creation,LazyCompile,0x3f1151b6fea0,480,"CallSiteGetColumnNumber native messages.js:898",0x3acf96f2fcd8,~
code-creation,CallIC,0x3f1151b70080,189,"ToPrimitive"
code-creation,LazyCompile,0x3f1151b70140,488,"CallSiteGetFunctionName native messages.js:828",0x3acf96f2fa58,~
code-creation,LazyCompile,0x3f1151b70340,388,"CallSiteIsConstructor native messages.js:919",0x3acf96f2feb8,~
code-creation,Stub,0x3f1151b704e0,206,"CompareICStub"
code-creation,LazyCompile,0x3f1151b705c0,464,"CallSiteIsToplevel native messages.js:802",0x3acf96f2f738,~
code-creation,LazyCompile,0x3f1151b707a0,652,"GetTypeName native messages.js:1099",0x3acf96f301d8,~
code-creation,LazyCompile,0x3f1151b70a40,2076,"CallSiteGetMethodName native messages.js:846",0x3acf96f2faf8,~
code-creation,LazyCompile,0x3f1151b71260,436,"__lookupGetter__ native v8natives.js:298",0x3acf96f1a350,~
code-creation,LazyCompile,0x3f1151b71420,436,"__lookupSetter__ native v8natives.js:324",0x3acf96f1a490,~
code-creation,LoadIC,0x3f1151b715e0,134,"receiver"
code-creation,LoadIC,0x3f1151b715e0,134,"receiver"
code-creation,LoadIC,0x3f1151b71680,147,"ObjectLookupGetter"
code-creation,LoadIC,0x3f1151b71680,147,"ObjectLookupGetter"
tick,0x7fc9f25b47b5,0x7fff109f0f80,0,0xffffffffffffffff,0,0x3f1151b70f26,0x3f1151b6f4b7,0x3f1151b6e1fc,0x3f1151b6d954,0x3f1151b6d59a,0x3f1151b6d44b
code-creation,LoadIC,0x3f1151b71720,134,"fun"
code-creation,LoadIC,0x3f1151b71720,134,"fun"
code-creation,LoadIC,0x3f1151b717c0,147,"ObjectLookupSetter"
code-creation,LoadIC,0x3f1151b717c0,147,"ObjectLookupSetter"
code-creation,KeyedLoadIC,0x3f1151b71860,158,"_cache"
code-creation,KeyedLoadIC,0x3f1151b71860,158,"_cache"
code-creation,KeyedLoadIC,0x3f1151b71900,158,"_pathCache"
code-creation,KeyedLoadIC,0x3f1151b71900,158,"_pathCache"
code-creation,LazyCompile,0x3f1151b719a0,1096,"lastIndexOf native string.js:137",0x3acf96f34d08,~
code-creation,Stub,0x3f1151b71e00,299,"BinaryOpStub_SUB_OverwriteLeft_SMI"
code-creation,CallIC,0x3f1151b71f40,187,"toString"
code-creation,CallIC,0x3f1151b72000,187,"isNative"
code-creation,CallIC,0x3f1151b720c0,187,"isEval"
code-creation,CallIC,0x3f1151b72180,187,"getFileName"
code-creation,CallIC,0x3f1151b72240,187,"getLineNumber"
code-creation,LoadIC,0x3f1151b72300,134,"pos"
code-creation,LoadIC,0x3f1151b72300,134,"pos"
code-creation,LoadIC,0x3f1151b723a0,134,"line"
code-creation,LoadIC,0x3f1151b723a0,134,"line"
code-creation,CallIC,0x3f1151b72440,187,"getColumnNumber"
code-creation,LoadIC,0x3f1151b72500,134,"column"
code-creation,LoadIC,0x3f1151b72500,134,"column"
code-creation,CallIC,0x3f1151b725a0,187,"getFunctionName"
code-creation,CallIC,0x3f1151b72660,187,"isConstructor"
code-creation,LoadIC,0x3f1151b72720,170,"constructor"
code-creation,LoadIC,0x3f1151b72720,170,"constructor"
code-creation,CallIC,0x3f1151b727e0,187,"isToplevel"
code-creation,CallIC,0x3f1151b728a0,190,"GetTypeName"
code-creation,CallIC,0x3f1151b72960,187,"getMethodName"
code-creation,CallIC,0x3f1151b72a20,205,"lastIndexOf"
code-creation,Stub,0x3f1151b72b00,336,"ConstructStub"
code-creation,LoadIC,0x3f1151b72c60,171,"constructor"
code-creation,LoadIC,0x3f1151b72c60,171,"constructor"
code-creation,CallIC,0x3f1151b72d20,205,"indexOf"
code-creation,LoadIC,0x3f1151b72e00,266,"constructor"
code-creation,LoadIC,0x3f1151b72e00,266,"constructor"
code-creation,LoadIC,0x3f1151b72f20,170,"constructor"
code-creation,LoadIC,0x3f1151b72f20,170,"constructor"
code-creation,Stub,0x3f1151b72fe0,177,"ToBooleanStub_NullString"
code-creation,LoadIC,0x3f1151b730a0,170,"constructor"
code-creation,LoadIC,0x3f1151b730a0,170,"constructor"
tick,0x7fc9f25ea902,0x7fff109f1070,0,0x0,2,0x3f1151b71556,0x3f1151b7103f,0x3f1151b6f4b7,0x3f1151b6e1fc,0x3f1151b6d954,0x3f1151b6d59a,0x3f1151b6d44b
code-creation,LazyCompile,0x3f1151b73160,692,"ToObject native runtime.js:567",0x3acf96f28ac0,~
code-creation,LazyCompile,0x3f1151b2f1c0,692,"ToObject native runtime.js:567",0x3acf96f28ac0,
code-creation,LazyCompile,0x3f1151b73420,436,"__lookupGetter__ native v8natives.js:298",0x3acf96f1a350,~
code-creation,LazyCompile,0x3f1151b735e0,587,"__lookupGetter__ native v8natives.js:298",0x3acf96f1a350,*
code-creation,KeyedLoadIC,0x3f1151b73840,152,""
code-creation,KeyedLoadMegamorphicIC,0x3f1151b73840,152,"args_count: 0"
